[E:d27085f0-7649-4205-b97f-9de44de4a1a4] [T:2020-12-17 23:40:15.707483] [U:] [A:deploy]
[E:2f41fd5f-3097-4407-bd0e-1789f6cecddf] [R:9a379e54-e60b-48ae-a846-127f67f4fba2] [T:2020-12-17 23:40:31.247610] [U:email@hello.com] [A:start]
[E:52411ec2-20fa-44bb-91bd-68c7973f794d] [T:2020-12-17 23:52:54.718070] [U:] [A:deploy]
[E:a0d13c60-6182-4ce5-9383-1a6fb5faea6b] [R:5716f8dd-32ce-4ce3-825f-e0b62a2c7fb5] [T:2020-12-17 23:52:58.941991] [U:email@hello.com] [A:start]
[E:aaeed3bc-6b20-4301-b54f-facc09c3db04] [R:829cc8f3-ed5a-4ff6-bc46-3434f2eecf12] [T:2020-12-23 00:22:39.946569] [U:email@hello.com] [A:check_status]
[E:125d8aeb-15c1-4466-9c3a-54cda580b871] [T:2020-12-23 00:23:07.662575] [U:] [A:deploy]
[E:720794cd-be72-4737-a7ea-e7d11deefd59] [R:15c882a8-5e94-4a1b-ad1f-4cc15a29b392] [T:2020-12-23 00:23:09.679911] [U:email@hello.com] [A:start]
[E:59f8605b-9594-46a6-b9d4-84a2998351d9] [R:696c571b-ae61-4e45-96ed-9d795ccbaa3a] [T:2020-12-23 05:40:33.947858] [U:email@hello.com] [A:check_status]
[E:26507358-6af3-44c5-ab26-4e41324c3d17] [T:2020-12-23 05:40:45.805900] [U:] [A:deploy]
[E:b1b29925-1f06-4fa0-afaf-558c48a95a3e] [R:ebcfff40-4c41-4cfb-af38-e3b4cbe04f77] [T:2020-12-23 05:40:47.825235] [U:email@hello.com] [A:start]
[E:e82b8d3c-baa1-4578-b6ac-d5f945250315] [R:166e6b23-0352-4cf8-9cf2-2d76f1eabd40] [T:2020-12-23 05:44:51.196758] [U:email@hello.com] [A:check_status]
[E:68f959be-c4dd-4b9f-8e90-8b511e41a04f] [R:69a343eb-7ad9-4c01-a26a-1f0cb0d545ce] [T:2020-12-23 05:50:41.604005] [U:email@hello.com] [A:check_status]
[E:88085d6f-29fc-47be-bb52-963e783e0dd4] [T:2020-12-23 05:56:35.189190] [U:] [A:deploy]
[E:7836cd1f-4163-4fbf-8c63-0216e616ec4f] [R:54ecfb67-c386-4924-9523-490f7bd75c2e] [T:2020-12-23 05:56:37.709313] [U:email@hello.com] [A:start]
[E:4402c693-a98a-4149-9c42-d592d2d77bf7] [R:b2f4b842-43de-410a-8e18-13c5e1bc0a91] [T:2020-12-23 06:04:36.647367] [U:email@hello.com] [A:check_status]
[E:f5cfedb8-952f-418b-8152-c503639d012d] [R:26bd1433-1513-469d-bbed-ce1054b7191c] [T:2020-12-23 06:07:49.579705] [U:email@hello.com] [A:check_status]
[E:9a25a969-b1c7-4c79-ae64-05baade4e17a] [T:2020-12-23 06:12:25.476460] [U:] [A:deploy]
[E:7309bbc3-5454-4bcf-9725-2efd73520561] [R:fca74f3e-5071-4fc6-9cb6-93d4b4005bc4] [T:2020-12-23 06:12:28.098710] [U:email@hello.com] [A:start]
[E:b4150464-61fe-4817-9969-cb73b543c9ab] [T:2020-12-23 06:44:28.792596] [U:] [A:deploy]
[E:2f7e6111-bf72-469d-96a4-ac3be5eaa634] [R:2cbe9d6a-186e-4ce4-a65e-c240e07ad5fb] [T:2020-12-23 06:44:30.909728] [U:email@hello.com] [A:start]
[E:c0cfe85f-4ee3-4ff1-94ad-7550bc43b001] [T:2020-12-23 23:51:36.024175] [U:] [A:deploy]
[E:a17d2080-1618-4a41-8c55-5fddc3f3a828] [R:d028f344-ad7e-40da-8a84-54f5e52948ad] [T:2020-12-23 23:51:38.041479] [U:email@hello.com] [A:start]
[E:9225fc51-2fb5-48e9-8c6a-0a0d8939b405] [R:647dedda-1bc2-4f2e-87f1-58cf2e699ae1] [T:2020-12-24 00:36:23.369627] [U:email@hello.com] [A:check_status]
[E:c4026363-35f5-4ad2-8105-4fedd12292c2] [R:e4d19e34-2032-4989-89a8-6615b502db38] [T:2020-12-24 00:36:49.491534] [U:email@hello.com] [A:check_status]
[E:1838064b-5dd4-422e-932e-83fa3c9f1d29] [R:e78c6709-7fc5-47e3-a8e0-a508a3a7335a] [T:2020-12-24 00:36:54.120554] [U:email@hello.com] [A:check_status]
[E:bc93d19d-7f8f-4a58-8e32-9a3d620e7754] [R:b3fbe056-46f2-44bb-86c1-541b277479da] [T:2020-12-24 00:36:59.246671] [U:email@hello.com] [A:check_status]
[E:f3e6ea40-8656-4760-89e1-afe7acce7132] [T:2020-12-24 00:37:14.222571] [U:] [A:deploy]
[E:4d337d07-cebf-4dbd-8c93-96c1a440efe8] [R:c2264c17-f798-4ca1-ba34-4c0994946821] [T:2020-12-24 00:37:16.240247] [U:email@hello.com] [A:start]
[E:73e38bde-406d-4959-8a33-4e24e80b988c] [T:2020-12-24 01:10:07.111278] [U:] [A:deploy]
[E:aa99d17b-27f6-449e-adad-9c3a77b1a60d] [R:4325ea12-9b61-4fc8-9dd2-beb3819f632b] [T:2020-12-24 01:10:09.229960] [U:email@hello.com] [A:start]
[E:886d4727-a696-40ea-876a-dcaf0496a1c6] [R:dc48a74e-488e-4dbd-aed8-a8d715f954a7] [T:2020-12-24 01:14:15.453622] [U:email@hello.com] [A:check_status]
[E:e444621f-e931-498d-8940-a6fc6d35e208] [T:2020-12-24 01:23:37.542456] [U:] [A:deploy]
[E:2173e7af-87b8-4696-bd7a-6f23fe4a8ef8] [R:b2efc3c7-a1da-4e58-8f25-12ccf8d80ae4] [T:2020-12-24 01:23:39.660873] [U:email@hello.com] [A:start]
[E:cd63c156-9d48-4fdc-b55a-fc44fc0d1691] [T:2020-12-24 04:06:03.478497] [U:] [A:deploy]
[E:8bf18eed-d3cf-4e70-921c-bf4a5d9d64d9] [R:91f8b045-9ad5-408f-88a0-d301eda30048] [T:2020-12-24 04:06:05.498511] [U:email@hello.com] [A:start]
[E:c86ce936-56da-4911-9b31-83f054389552] [R:2680b667-0df9-4f81-967a-a0f96cd6be14] [T:2020-12-24 04:16:55.563608] [U:email@hello.com] [A:check_status]
[E:4b05471b-24c0-4419-9525-2fe20faea7e6] [T:2020-12-24 05:39:49.461163] [U:] [A:deploy]
[E:f4e55161-ff6f-475a-bc05-c8ee9b64f8be] [R:17dca6a3-fc23-455b-8849-553bbc033455] [T:2020-12-24 05:39:51.478815] [U:email@hello.com] [A:start]
[E:84d68521-8646-4549-a692-59b24c0f0c9d] [T:2020-12-24 05:52:24.208676] [U:] [A:deploy]
[E:f16eb15c-13bf-4b2f-80ba-b00317c1ddd7] [R:8ae6a8f8-fc9a-4088-bcb6-ddbb52424e72] [T:2020-12-24 05:52:26.327968] [U:email@hello.com] [A:start]
[E:06ef2852-85d7-481f-8013-652e2ac239b5] [T:2020-12-24 05:55:24.747556] [U:] [A:deploy]
[E:9bafc1c8-d8d6-489d-be14-5317b59f99b2] [R:dfd51848-3383-4e45-9723-8db14ab68a7f] [T:2020-12-24 05:55:27.266693] [U:email@hello.com] [A:start]
[E:4842b7bd-d357-4e1c-98a0-3f358ae48772] [T:2020-12-24 06:00:37.280881] [U:] [A:deploy]
[E:eb76795b-0d14-4711-9482-3c1bab31a3e6] [R:6a9fbd0e-bd36-43cd-a8af-12868457bae2] [T:2020-12-24 06:00:39.309772] [U:email@hello.com] [A:start]
[E:65fc12d1-a22e-4813-bfcd-793e5db78902] [T:2020-12-24 06:10:29.510906] [U:] [A:deploy]
[E:8a3cdaa3-a2af-4866-8220-45024101357b] [R:741dcce7-7a34-4a5f-92e7-9ebdf8bfb81e] [T:2020-12-24 06:10:32.029574] [U:email@hello.com] [A:start]
