Performing C SOURCE FILE Test CMAKE_HAVE_LIBC_PTHREAD failed with the following output:
Change Dir: /home/davidyi624/secure-aggregation/server/CMakeFiles/CMakeTmp

Run Build Command(s):/usr/bin/make cmTC_a71e6/fast && /usr/bin/make  -f CMakeFiles/cmTC_a71e6.dir/build.make CMakeFiles/cmTC_a71e6.dir/build
make[1]: Entering directory '/home/davidyi624/secure-aggregation/server/CMakeFiles/CMakeTmp'
Building C object CMakeFiles/cmTC_a71e6.dir/src.c.o
/usr/bin/cc   -DCMAKE_HAVE_LIBC_PTHREAD -o CMakeFiles/cmTC_a71e6.dir/src.c.o -c /home/davidyi624/secure-aggregation/server/CMakeFiles/CMakeTmp/src.c
Linking C executable cmTC_a71e6
/snap/cmake/619/bin/cmake -E cmake_link_script CMakeFiles/cmTC_a71e6.dir/link.txt --verbose=1
/usr/bin/cc  -DCMAKE_HAVE_LIBC_PTHREAD CMakeFiles/cmTC_a71e6.dir/src.c.o -o cmTC_a71e6 
CMakeFiles/cmTC_a71e6.dir/src.c.o: In function `main':
src.c:(.text+0x3e): undefined reference to `pthread_create'
src.c:(.text+0x4a): undefined reference to `pthread_detach'
src.c:(.text+0x56): undefined reference to `pthread_cancel'
src.c:(.text+0x67): undefined reference to `pthread_join'
src.c:(.text+0x7b): undefined reference to `pthread_atfork'
collect2: error: ld returned 1 exit status
CMakeFiles/cmTC_a71e6.dir/build.make:105: recipe for target 'cmTC_a71e6' failed
make[1]: *** [cmTC_a71e6] Error 1
make[1]: Leaving directory '/home/davidyi624/secure-aggregation/server/CMakeFiles/CMakeTmp'
Makefile:140: recipe for target 'cmTC_a71e6/fast' failed
make: *** [cmTC_a71e6/fast] Error 2


Source file was:
#include <pthread.h>

void* test_func(void* data)
{
  return data;
}

int main(void)
{
  pthread_t thread;
  pthread_create(&thread, NULL, test_func, NULL);
  pthread_detach(thread);
  pthread_cancel(thread);
  pthread_join(thread, NULL);
  pthread_atfork(NULL, NULL, NULL);
  pthread_exit(NULL);

  return 0;
}

Determining if the function pthread_create exists in the pthreads failed with the following output:
Change Dir: /home/davidyi624/secure-aggregation/server/CMakeFiles/CMakeTmp

Run Build Command(s):/usr/bin/make cmTC_09afb/fast && /usr/bin/make  -f CMakeFiles/cmTC_09afb.dir/build.make CMakeFiles/cmTC_09afb.dir/build
make[1]: Entering directory '/home/davidyi624/secure-aggregation/server/CMakeFiles/CMakeTmp'
Building C object CMakeFiles/cmTC_09afb.dir/CheckFunctionExists.c.o
/usr/bin/cc   -DCHECK_FUNCTION_EXISTS=pthread_create -o CMakeFiles/cmTC_09afb.dir/CheckFunctionExists.c.o -c /snap/cmake/619/share/cmake-3.18/Modules/CheckFunctionExists.c
Linking C executable cmTC_09afb
/snap/cmake/619/bin/cmake -E cmake_link_script CMakeFiles/cmTC_09afb.dir/link.txt --verbose=1
/usr/bin/cc  -DCHECK_FUNCTION_EXISTS=pthread_create CMakeFiles/cmTC_09afb.dir/CheckFunctionExists.c.o -o cmTC_09afb  -lpthreads 
/usr/bin/ld: cannot find -lpthreads
collect2: error: ld returned 1 exit status
CMakeFiles/cmTC_09afb.dir/build.make:105: recipe for target 'cmTC_09afb' failed
make[1]: *** [cmTC_09afb] Error 1
make[1]: Leaving directory '/home/davidyi624/secure-aggregation/server/CMakeFiles/CMakeTmp'
Makefile:140: recipe for target 'cmTC_09afb/fast' failed
make: *** [cmTC_09afb/fast] Error 2



Performing C SOURCE FILE Test OE_SPECTRE_MITIGATION_C_FLAGS_SUPPORTED failed with the following output:
Change Dir: /home/davidyi624/secure-aggregation/server/CMakeFiles/CMakeTmp

Run Build Command(s):/usr/bin/make cmTC_a2ee0/fast && /usr/bin/make  -f CMakeFiles/cmTC_a2ee0.dir/build.make CMakeFiles/cmTC_a2ee0.dir/build
make[1]: Entering directory '/home/davidyi624/secure-aggregation/server/CMakeFiles/CMakeTmp'
Building C object CMakeFiles/cmTC_a2ee0.dir/src.c.o
/usr/bin/cc   -DOE_SPECTRE_MITIGATION_C_FLAGS_SUPPORTED   -mllvm -x86-speculative-load-hardening -o CMakeFiles/cmTC_a2ee0.dir/src.c.o -c /home/davidyi624/secure-aggregation/server/CMakeFiles/CMakeTmp/src.c
cc: error: unrecognized command line option '-mllvm'
CMakeFiles/cmTC_a2ee0.dir/build.make:84: recipe for target 'CMakeFiles/cmTC_a2ee0.dir/src.c.o' failed
make[1]: *** [CMakeFiles/cmTC_a2ee0.dir/src.c.o] Error 1
make[1]: Leaving directory '/home/davidyi624/secure-aggregation/server/CMakeFiles/CMakeTmp'
Makefile:140: recipe for target 'cmTC_a2ee0/fast' failed
make: *** [cmTC_a2ee0/fast] Error 2


Source file was:
int main(void) { return 0; }
Performing C++ SOURCE FILE Test OE_SPECTRE_MITIGATION_CXX_FLAGS_SUPPORTED failed with the following output:
Change Dir: /home/davidyi624/secure-aggregation/server/CMakeFiles/CMakeTmp

Run Build Command(s):/usr/bin/make cmTC_782de/fast && /usr/bin/make  -f CMakeFiles/cmTC_782de.dir/build.make CMakeFiles/cmTC_782de.dir/build
make[1]: Entering directory '/home/davidyi624/secure-aggregation/server/CMakeFiles/CMakeTmp'
Building CXX object CMakeFiles/cmTC_782de.dir/src.cxx.o
/usr/bin/c++   -DOE_SPECTRE_MITIGATION_CXX_FLAGS_SUPPORTED   -mllvm -x86-speculative-load-hardening -o CMakeFiles/cmTC_782de.dir/src.cxx.o -c /home/davidyi624/secure-aggregation/server/CMakeFiles/CMakeTmp/src.cxx
c++: error: unrecognized command line option '-mllvm'
CMakeFiles/cmTC_782de.dir/build.make:84: recipe for target 'CMakeFiles/cmTC_782de.dir/src.cxx.o' failed
make[1]: *** [CMakeFiles/cmTC_782de.dir/src.cxx.o] Error 1
make[1]: Leaving directory '/home/davidyi624/secure-aggregation/server/CMakeFiles/CMakeTmp'
Makefile:140: recipe for target 'cmTC_782de/fast' failed
make: *** [cmTC_782de/fast] Error 2


Source file was:
int main() { return 0; }
