[E:666c3fa9-5262-4086-8ffb-30abb04e2aa4] [T:2020-12-02 05:37:53.523688] [U:?] [A:_cert_login email@hello.com]
[E:3672f89a-79ae-4fcd-8e59-22a5ddf51629] [T:2020-12-02 05:37:53.526818] [U:email@hello.com] [A:_commands]
[E:bfec5c7b-256c-47d6-b367-b653d17923f6] [T:2020-12-02 05:39:23.940184] [U:email@hello.com] [A:file_transfer._upload_folder custom_ct_spleen UEsDBBQAAAAAAMYgglEAAAAAAAAAAAAAAAAWAAAAY3VzdG9tX2N0X3]
[E:a4b7fd42-6023-4c8c-b317-515d985cc451] [T:2020-12-02 05:39:28.677498] [U:email@hello.com] [A:set_run_number 1]
[E:02812779-cb70-43e9-9a3c-e869e65d7f27] [T:2020-12-02 05:39:31.979360] [U:email@hello.com] [A:deploy custom_ct_spleen server]
[E:5dc74944-9c7a-4109-b325-39861b9cfb5c] [T:2020-12-02 05:39:34.814410] [U:email@hello.com] [A:deploy custom_ct_spleen client]
[E:aedc8896-9979-42c2-9022-6899853938e8] [T:2020-12-02 05:39:36.293150] [U:email@hello.com] [A:start server]
[E:95a7a4c6-4c3e-4c92-897b-4106f5a535d8] [T:2020-12-02 05:39:37.303404] [U:email@hello.com] [A:start client]
[E:b401eb23-e3c6-42a7-a572-d12bcdd53e06] [T:2020-12-02 05:46:05.530205] [U:?] [A:_cert_login email@hello.com]
[E:536388cc-54c8-4b4a-9e00-f9054a646e7b] [T:2020-12-02 05:46:05.533174] [U:email@hello.com] [A:_commands]
[E:c1f86c87-0f65-43d4-9823-6cf1c9383c26] [T:2020-12-02 05:46:19.315486] [U:email@hello.com] [A:file_transfer._upload_folder custom_ct_spleen UEsDBBQAAAAAAMYgglEAAAAAAAAAAAAAAAAWAAAAY3VzdG9tX2N0X3]
[E:81f7c098-4126-44ee-b607-5e4a733e9db5] [T:2020-12-02 05:46:21.553967] [U:email@hello.com] [A:set_run_number 1]
[E:346df422-4212-45b6-9f6b-d6b18a08a238] [T:2020-12-02 05:46:24.706829] [U:email@hello.com] [A:deploy custom_ct_spleen server]
[E:17ab4b4f-3ebc-4e68-9031-27c2e8e4f5db] [T:2020-12-02 05:46:26.814128] [U:email@hello.com] [A:deploy custom_ct_spleen client]
[E:fa5e992d-ba4c-4b1c-8174-6ffa496f721d] [T:2020-12-02 05:46:27.904993] [U:email@hello.com] [A:start server]
[E:a0616e1b-cb3b-488b-91e0-6ba5bbf78899] [T:2020-12-02 05:46:28.744063] [U:email@hello.com] [A:start client]
[E:23bd7272-04f3-4b86-bead-a73e5b5edb0c] [T:2020-12-02 06:27:25.683796] [U:?] [A:_cert_login email@hello.com]
[E:0c8ef7d9-5e7b-42bc-b45e-c558096ddf6c] [T:2020-12-02 06:27:25.687067] [U:email@hello.com] [A:_commands]
[E:d5a3cbef-ac88-48c8-a39a-aa40a6b3ba77] [T:2020-12-02 06:27:29.216636] [U:email@hello.com] [A:file_transfer._upload_folder custom_ct_spleen UEsDBBQAAAAAAMYgglEAAAAAAAAAAAAAAAAWAAAAY3VzdG9tX2N0X3]
[E:652dfb7c-dc96-4806-9b52-a4ca88761578] [T:2020-12-02 06:27:33.006607] [U:email@hello.com] [A:set_run_number 1]
[E:3627b800-bebb-4b78-91da-b540f0e7d2f3] [T:2020-12-02 06:27:35.870637] [U:email@hello.com] [A:deploy custom_ct_spleen server]
[E:9d4095c9-06a9-43b8-97e4-491774d1eaea] [T:2020-12-02 06:27:37.771397] [U:email@hello.com] [A:deploy custom_ct_spleen client]
[E:4652da71-f1f6-4377-8f1e-deec423ca300] [T:2020-12-02 06:27:41.638329] [U:email@hello.com] [A:start server]
[E:573995dc-61f7-48b1-b4d4-856605733ee4] [T:2020-12-02 06:27:42.653890] [U:email@hello.com] [A:start client]
[E:cc432047-5fcc-4b25-86ff-5d4f147ea063] [T:2020-12-02 06:28:43.820950] [U:email@hello.com] [A:restart server]
[E:83d84e0f-cccb-46d5-8b78-4ed16327c29c] [T:2020-12-02 06:32:53.180746] [U:?] [A:_cert_login email@hello.com]
[E:8bde7172-f734-4660-8c3b-c00a9c64314f] [T:2020-12-02 06:32:53.183641] [U:email@hello.com] [A:_commands]
[E:e5ca4c47-dd6c-44b3-b425-0576202aa7ca] [T:2020-12-02 06:32:58.090165] [U:email@hello.com] [A:file_transfer._upload_folder custom_ct_spleen UEsDBBQAAAAAAMYgglEAAAAAAAAAAAAAAAAWAAAAY3VzdG9tX2N0X3]
[E:058f69f6-bca7-4eca-b505-25cb8074f14f] [T:2020-12-02 06:33:00.437957] [U:email@hello.com] [A:set_run_number 1]
[E:50c04be2-6695-41ee-ab06-acc6eec930ac] [T:2020-12-02 06:33:06.168070] [U:email@hello.com] [A:deploy custom_ct_spleen server]
[E:e90ca45f-1cc2-451e-afa1-3e73a4ca21b9] [T:2020-12-02 06:33:08.902011] [U:email@hello.com] [A:deploy custom_ct_spleen client]
[E:70b91381-a531-484e-bcfa-7634b0ff4459] [T:2020-12-02 06:33:10.367662] [U:email@hello.com] [A:start server]
[E:620f12b3-7c28-4641-97c1-5cff12b10f36] [T:2020-12-02 06:33:11.453482] [U:email@hello.com] [A:start client]
[E:83047806-9802-4246-a72c-4160be30b52a] [T:2020-12-02 06:36:07.242011] [U:email@hello.com] [A:check_status server]
[E:aa648171-f885-490f-ab41-06104292908f] [T:2020-12-02 06:36:10.611861] [U:email@hello.com] [A:check_status client]
[E:04b88dcd-66a7-42d9-909d-28ce8cad4eb3] [T:2020-12-02 06:37:24.008848] [U:email@hello.com] [A:check_status server]
[E:02370c72-6f77-45ea-9baf-fb9fc5126c60] [T:2020-12-02 06:37:26.597998] [U:email@hello.com] [A:check_status client]
[E:da9eb2c2-716b-4293-94d2-c5569d3a9d22] [T:2020-12-03 00:22:15.714833] [U:?] [A:_cert_login email@hello.com]
[E:65b7076a-37fc-4749-80c8-c6a05adf6948] [T:2020-12-03 00:22:15.717980] [U:email@hello.com] [A:_commands]
[E:63e6a6f2-c64b-42c2-9cc9-4ad90aba6ddd] [T:2020-12-03 00:22:19.077856] [U:email@hello.com] [A:file_transfer._upload_folder custom_ct_spleen UEsDBBQAAAAAAMYgglEAAAAAAAAAAAAAAAAWAAAAY3VzdG9tX2N0X3]
[E:e2ced139-0872-44e2-87e8-6310351329ce] [T:2020-12-03 00:22:27.294328] [U:email@hello.com] [A:set_run_number 1]
[E:ee362118-b31a-4546-8ebe-a628b3405374] [T:2020-12-03 00:22:30.873528] [U:email@hello.com] [A:deploy custom_ct_spleen server]
[E:9fd7b598-41a4-4f7a-a2bf-95e129db554d] [T:2020-12-03 00:22:33.209868] [U:email@hello.com] [A:deploy custom_ct_spleen client]
[E:8339b723-2703-4fb1-944d-f7d21363550a] [T:2020-12-03 00:22:35.326698] [U:email@hello.com] [A:start server]
[E:2c7478de-cb4a-4f97-abfc-fedad80ce53f] [T:2020-12-03 00:22:36.353376] [U:email@hello.com] [A:start client]
[E:226ece95-c5f7-4da1-9c40-bbf67688f458] [T:2020-12-03 02:09:53.516193] [U:?] [A:_cert_login email@hello.com]
[E:57c95683-7ab6-448f-b381-2ad9ca76b017] [T:2020-12-03 02:09:53.519529] [U:email@hello.com] [A:_commands]
[E:b030d08d-729c-4aaf-9d03-b321d5869054] [T:2020-12-03 02:09:57.400984] [U:email@hello.com] [A:file_transfer._upload_folder custom_ct_spleen UEsDBBQAAAAAAMYgglEAAAAAAAAAAAAAAAAWAAAAY3VzdG9tX2N0X3]
[E:66ee2e77-7f64-4e68-a0f8-762dab7f5834] [T:2020-12-03 02:10:00.932660] [U:email@hello.com] [A:set_run_number 1]
[E:9d15191a-385b-45a6-a61a-6756d1fc9751] [T:2020-12-03 02:10:03.909062] [U:email@hello.com] [A:deploy custom_ct_spleen server]
[E:1d089191-6d14-4538-b4a5-cb17d65d939e] [T:2020-12-03 02:10:05.857869] [U:email@hello.com] [A:deploy custom_ct_spleen client]
[E:9545d544-cd89-425a-beb5-04f9deb87d10] [T:2020-12-03 02:10:06.843594] [U:email@hello.com] [A:start server]
[E:e09468ad-019e-4e52-9116-e5dc45dff07c] [T:2020-12-03 02:10:08.798832] [U:email@hello.com] [A:start client]
[E:9d2221d0-d4bf-4741-91a1-53e4812af1a1] [T:2020-12-03 03:11:14.818857] [U:?] [A:_cert_login email@hello.com]
[E:79e2d911-d35b-4aa8-9b42-440187de1f7d] [T:2020-12-03 03:11:14.821871] [U:email@hello.com] [A:_commands]
[E:235cb55d-7445-4958-8fd4-ab959fbcf1fa] [T:2020-12-03 03:11:18.168976] [U:email@hello.com] [A:file_transfer._upload_folder custom_ct_spleen UEsDBBQAAAAAAMYgglEAAAAAAAAAAAAAAAAWAAAAY3VzdG9tX2N0X3]
[E:1054ab8e-3e37-4352-b6e0-50566013a464] [T:2020-12-03 03:11:20.100121] [U:email@hello.com] [A:set_run_number 1]
[E:2992afc4-ae67-4758-b0af-c361034c7213] [T:2020-12-03 03:11:22.971298] [U:email@hello.com] [A:deploy custom_ct_spleen server]
[E:4346db9c-2161-441d-8288-fc98b83826ad] [T:2020-12-03 03:11:29.750629] [U:email@hello.com] [A:deploy custom_ct_spleen client]
[E:fbade051-e1ff-4a47-8786-e93a1e3161d7] [T:2020-12-03 03:11:30.848903] [U:email@hello.com] [A:start server]
[E:35b52515-c02c-48da-a213-537cce68d9cc] [T:2020-12-03 03:11:31.745531] [U:email@hello.com] [A:start client]
[E:3fc3c5e2-f77b-4e1a-898d-cd17589dc1a5] [T:2020-12-03 03:17:31.316677] [U:email@hello.com] [A:start server]
[E:1366ed54-e15c-4ace-acf3-86315f506800] [T:2020-12-03 03:17:42.412627] [U:email@hello.com] [A:check_status server]
[E:76a29368-b3c1-4629-96a7-167daf164ea5] [T:2020-12-03 03:17:51.531736] [U:email@hello.com] [A:restart server]
[E:88be6b74-2c63-4996-a594-c7f442792c75] [T:2020-12-03 03:18:50.937243] [U:?] [A:_cert_login email@hello.com]
[E:c1eca204-d1df-4eca-b50c-8abb03ac326b] [T:2020-12-03 03:18:50.940155] [U:email@hello.com] [A:_commands]
[E:70f81e00-62cc-480a-9956-1d15f78e3b49] [T:2020-12-03 03:18:54.404069] [U:email@hello.com] [A:file_transfer._upload_folder custom_ct_spleen UEsDBBQAAAAAAMYgglEAAAAAAAAAAAAAAAAWAAAAY3VzdG9tX2N0X3]
[E:4477de1a-be34-4b39-a712-2ee50d86e438] [T:2020-12-03 03:18:56.309604] [U:email@hello.com] [A:set_run_number 1]
[E:0599a302-9777-4413-9930-cb081ffc024e] [T:2020-12-03 03:18:59.255863] [U:email@hello.com] [A:deploy custom_ct_spleen server]
[E:57dc7ec2-912c-46eb-98b1-9e756ed2771a] [T:2020-12-03 03:19:02.259701] [U:email@hello.com] [A:deploy custom_ct_spleen client]
[E:43d18279-0958-4687-b998-277924573c6b] [T:2020-12-03 03:19:03.339273] [U:email@hello.com] [A:start server]
[E:b8e46aaf-94bf-4140-9e71-a5951e9a796a] [T:2020-12-03 03:19:04.547070] [U:email@hello.com] [A:start client]
[E:b60d6308-1f34-4ed7-9f1e-d8a5c7eaeb02] [T:2020-12-03 03:24:15.310791] [U:email@hello.com] [A:restart server]
[E:1de7c0d6-d005-4b40-8e1d-7d09d5d00178] [T:2020-12-03 03:26:57.146654] [U:?] [A:_cert_login email@hello.com]
[E:37a2d1a5-0e72-41c3-a2c3-d15c1bca090e] [T:2020-12-03 03:26:57.149501] [U:email@hello.com] [A:_commands]
[E:b2dd7c77-c5d1-49b7-b90a-149f89fac244] [T:2020-12-03 03:27:03.345561] [U:email@hello.com] [A:file_transfer._upload_folder custom_ct_spleen UEsDBBQAAAAAAMYgglEAAAAAAAAAAAAAAAAWAAAAY3VzdG9tX2N0X3]
[E:b6fdf9f3-5f8c-4de6-8d63-040f0cdfc790] [T:2020-12-03 03:27:05.480149] [U:email@hello.com] [A:set_run_number 1]
[E:f445332a-0d1d-4f7f-91d9-b46961125d2a] [T:2020-12-03 03:27:08.301497] [U:email@hello.com] [A:deploy custom_ct_spleen server]
[E:33181ef5-4822-4730-aeda-8309430ab5ed] [T:2020-12-03 03:27:17.341559] [U:email@hello.com] [A:deploy custom_ct_spleen client]
[E:b8587515-84bb-4eab-9ff3-e9d2d2efdb16] [T:2020-12-03 03:27:18.570024] [U:email@hello.com] [A:start server]
[E:21445e27-593a-454a-95fa-f22ce4c746af] [T:2020-12-03 03:27:19.673912] [U:email@hello.com] [A:start client]
[E:cd5ae17e-c2d1-43e2-8440-290ab61123cb] [T:2020-12-03 03:32:00.150512] [U:email@hello.com] [A:deploy custom_ct_spleen client]
[E:f956012f-3294-4809-bc75-067ded20f415] [T:2020-12-03 03:32:26.754994] [U:email@hello.com] [A:restart server]
[E:cf23f874-d54b-45ee-9b2a-43c88e890f19] [T:2020-12-03 03:33:39.213237] [U:?] [A:_cert_login email@hello.com]
[E:66b6b27f-e31e-4733-8cb5-3f035744ad65] [T:2020-12-03 03:33:39.216114] [U:email@hello.com] [A:_commands]
[E:80add1c2-312d-4f27-af27-cd9109b7348d] [T:2020-12-03 03:33:42.915953] [U:email@hello.com] [A:file_transfer._upload_folder custom_ct_spleen UEsDBBQAAAAAAMYgglEAAAAAAAAAAAAAAAAWAAAAY3VzdG9tX2N0X3]
[E:9d987b1a-9be6-4feb-85db-9a3a8d256a73] [T:2020-12-03 03:33:48.817220] [U:email@hello.com] [A:set_run_number 1]
[E:008da936-172f-4e4c-8a13-ceef89be627f] [T:2020-12-03 03:33:51.819400] [U:email@hello.com] [A:deploy custom_ct_spleen server]
[E:b28284cc-ffdb-4c3f-81ba-f11210c95e85] [T:2020-12-03 03:33:54.235055] [U:email@hello.com] [A:deploy custom_ct_spleen client]
[E:4a78eea7-5298-4145-b678-8f5f9c0f0767] [T:2020-12-03 03:37:02.915823] [U:?] [A:_cert_login email@hello.com]
[E:62db8b47-5539-40bf-a1c9-0023d924a0d8] [T:2020-12-03 03:37:02.918705] [U:email@hello.com] [A:_commands]
[E:4fe157a3-c949-4be1-b7f3-036dd6241490] [T:2020-12-03 03:37:09.195924] [U:email@hello.com] [A:file_transfer._upload_folder custom_ct_spleen UEsDBBQAAAAAAMYgglEAAAAAAAAAAAAAAAAWAAAAY3VzdG9tX2N0X3]
[E:21aa4fce-b93f-4455-b1cb-21f72575249f] [T:2020-12-03 03:37:29.443114] [U:email@hello.com] [A:start server]
[E:a869773f-b78d-4eaa-bac4-dd2117ebd0d8] [T:2020-12-03 03:37:30.647541] [U:email@hello.com] [A:start client]
[E:caf5ffcf-6667-4408-a0ae-928fce1f7d9a] [T:2020-12-03 03:37:35.665591] [U:email@hello.com] [A:set_run_number 1]
[E:ae24849f-08c8-4436-8d67-85e5c8c90f84] [T:2020-12-03 03:37:40.447666] [U:email@hello.com] [A:deploy custom_ct_spleen server]
[E:f9acc135-3c67-487c-aedf-e8693d837577] [T:2020-12-03 03:37:42.726942] [U:email@hello.com] [A:deploy custom_ct_spleen client]
[E:da6e5200-336d-41de-aec6-7af5ee288b32] [T:2020-12-03 03:37:43.920111] [U:email@hello.com] [A:start server]
[E:78b898f9-58c9-44e2-9dae-1ea86cd5e8d6] [T:2020-12-03 03:37:45.073733] [U:email@hello.com] [A:start client]
[E:9075997f-cf52-4944-8a9a-179d6c20e43f] [T:2020-12-03 03:40:29.797465] [U:email@hello.com] [A:restart server]
[E:244f88e6-9dc4-4a23-86e0-fdf9771c2d95] [T:2020-12-03 03:41:14.335644] [U:?] [A:_cert_login email@hello.com]
[E:f1bd326d-3cbd-4442-a773-a48d16c944c5] [T:2020-12-03 03:41:14.338578] [U:email@hello.com] [A:_commands]
[E:18a41afb-33f7-4ff0-ba42-3f8abe52bbf7] [T:2020-12-03 03:41:18.375716] [U:email@hello.com] [A:file_transfer._upload_folder custom_ct_spleen UEsDBBQAAAAAAMYgglEAAAAAAAAAAAAAAAAWAAAAY3VzdG9tX2N0X3]
[E:991bca4d-971c-4352-b2a3-4ff53f110451] [T:2020-12-03 03:41:20.246624] [U:email@hello.com] [A:set_run_number 1]
[E:40701391-1585-41a8-b064-0ccf2c5e754a] [T:2020-12-03 03:41:23.030222] [U:email@hello.com] [A:deploy custom_ct_spleen server]
[E:647d3198-14f9-4530-95de-5a159482ec3c] [T:2020-12-03 03:41:24.923606] [U:email@hello.com] [A:deploy custom_ct_spleen client]
[E:0fba76f6-08ef-49e0-bd9e-aa31913a10f7] [T:2020-12-03 03:41:25.899938] [U:email@hello.com] [A:start server]
[E:0a72d723-569b-4b97-9131-53f809929877] [T:2020-12-03 03:41:26.970455] [U:email@hello.com] [A:start client]
[E:2794e7c8-69bc-455d-a159-6dbdcce937cc] [T:2020-12-03 03:44:33.595676] [U:email@hello.com] [A:restart server]
[E:6fea7c4e-3252-4b2c-8b4c-4f1013520942] [T:2020-12-03 03:45:18.660710] [U:?] [A:_cert_login email@hello.com]
[E:04574429-1ded-4c78-9600-73e448729314] [T:2020-12-03 03:45:18.663723] [U:email@hello.com] [A:_commands]
[E:6a893b30-9703-4afb-a3a5-b675e13b5347] [T:2020-12-03 03:45:21.988058] [U:email@hello.com] [A:file_transfer._upload_folder custom_ct_spleen UEsDBBQAAAAAAMYgglEAAAAAAAAAAAAAAAAWAAAAY3VzdG9tX2N0X3]
[E:1dc16d6a-0146-4732-8725-677f9b75bd9c] [T:2020-12-03 03:45:24.976471] [U:email@hello.com] [A:set_run_number 1]
[E:0628ef6e-5523-4140-a16a-2cadd946690b] [T:2020-12-03 03:45:28.322038] [U:email@hello.com] [A:deploy custom_ct_spleen server]
[E:5784438a-922e-4414-934f-41554a271425] [T:2020-12-03 03:45:30.090589] [U:email@hello.com] [A:deploy custom_ct_spleen client]
[E:353610d7-cd6b-48dc-9f10-5ddf3e5aa5ab] [T:2020-12-03 03:45:31.331748] [U:email@hello.com] [A:start server]
[E:f6e2ad8c-7427-4081-a9fb-5edf162ad035] [T:2020-12-03 03:45:32.310424] [U:email@hello.com] [A:start client]
[E:4c697ad0-c5f5-4382-a406-c795cacdc501] [T:2020-12-03 03:48:23.626142] [U:email@hello.com] [A:restart server]
[E:9634ea17-8e32-4a41-b26c-4b8e8e179a07] [T:2020-12-03 03:49:14.157334] [U:?] [A:_cert_login email@hello.com]
[E:e6d6e1bb-6107-4cd5-bed7-9fcb9482c6a0] [T:2020-12-03 03:49:14.160228] [U:email@hello.com] [A:_commands]
[E:797527a1-7f0e-4c61-bb34-f8f30c0d6d61] [T:2020-12-03 03:49:22.227060] [U:email@hello.com] [A:file_transfer._upload_folder custom_ct_spleen UEsDBBQAAAAAAMYgglEAAAAAAAAAAAAAAAAWAAAAY3VzdG9tX2N0X3]
[E:df717e6a-3d64-47d6-9a3e-472afa5be8d7] [T:2020-12-03 03:49:24.329029] [U:email@hello.com] [A:set_run_number 1]
[E:247d9f0e-6f01-49ec-b826-f105c2addd0e] [T:2020-12-03 03:49:33.441705] [U:email@hello.com] [A:deploy custom_ct_spleen server]
[E:449681c3-00bc-42ea-9479-3fed2b847730] [T:2020-12-03 03:49:35.382078] [U:email@hello.com] [A:deploy custom_ct_spleen client]
[E:eb77d017-cb6e-458a-94ec-4f3e568f5e90] [T:2020-12-03 03:49:36.373116] [U:email@hello.com] [A:start server]
[E:ef9db281-efe7-4df3-9dde-7a203d54d3a0] [T:2020-12-03 03:49:37.315375] [U:email@hello.com] [A:start client]
[E:0f8d59c0-eff7-4d43-9fac-03a4fab98bb4] [T:2020-12-03 03:52:11.241585] [U:email@hello.com] [A:restart server]
[E:a06144bf-5c65-417d-a97f-3f810ca0ef50] [T:2020-12-03 03:52:43.050602] [U:?] [A:_cert_login email@hello.com]
[E:887a5582-8b39-4dee-b14b-25a23403d693] [T:2020-12-03 03:52:43.053617] [U:email@hello.com] [A:_commands]
[E:d5abaf88-b983-4a57-ac13-77776b2fe398] [T:2020-12-03 03:52:51.716272] [U:email@hello.com] [A:file_transfer._upload_folder custom_ct_spleen UEsDBBQAAAAAAMYgglEAAAAAAAAAAAAAAAAWAAAAY3VzdG9tX2N0X3]
[E:444233b9-e6a4-47a9-9f7a-19b891e6098b] [T:2020-12-03 03:52:54.667793] [U:email@hello.com] [A:set_run_number 1]
[E:f37993a8-ed30-417b-bcb9-4fd34039107d] [T:2020-12-03 03:52:57.617810] [U:email@hello.com] [A:deploy custom_ct_spleen server]
[E:a7f916d6-c77e-43dc-84a1-a2219a1bee95] [T:2020-12-03 03:52:59.606433] [U:email@hello.com] [A:deploy custom_ct_spleen client]
[E:8e577fe6-5dc5-49ee-8575-a19bb48485bc] [T:2020-12-03 03:53:00.680099] [U:email@hello.com] [A:start server]
[E:836ec57b-cd41-4efa-9d84-3c8cddeba897] [T:2020-12-03 03:53:01.593599] [U:email@hello.com] [A:start client]
[E:4758b5cb-e9a8-4618-ab89-d6ca2f2be805] [T:2020-12-03 03:56:07.478784] [U:email@hello.com] [A:restart server]
[E:c13a4bca-f627-4955-8c14-6d9e8a226057] [T:2020-12-03 03:56:46.660248] [U:?] [A:_cert_login email@hello.com]
[E:66526d86-4e1f-49c3-b37f-45784503f732] [T:2020-12-03 03:56:46.663145] [U:email@hello.com] [A:_commands]
[E:09c2f713-01cb-46dc-9259-d9cbeaf56c11] [T:2020-12-03 03:56:51.376886] [U:email@hello.com] [A:file_transfer._upload_folder custom_ct_spleen UEsDBBQAAAAAAMYgglEAAAAAAAAAAAAAAAAWAAAAY3VzdG9tX2N0X3]
[E:6fbb650b-98c9-4307-983b-2d0d2b213f4a] [T:2020-12-03 03:56:55.796579] [U:email@hello.com] [A:set_run_number 1]
[E:fc65b658-f942-4ad1-99f2-022059fcbd82] [T:2020-12-03 03:56:58.827774] [U:email@hello.com] [A:deploy custom_ct_spleen server]
[E:00947431-0274-4c5d-8030-27dc051169d5] [T:2020-12-03 03:57:00.594423] [U:email@hello.com] [A:deploy custom_ct_spleen client]
[E:82097280-7677-494b-b45f-43edffddb7ff] [T:2020-12-03 03:57:01.624570] [U:email@hello.com] [A:start server]
[E:a9049708-151e-48c2-a8d2-61d8b721ac4b] [T:2020-12-03 03:57:02.919749] [U:email@hello.com] [A:start client]
[E:0b798a5d-9615-40a4-a005-d47261851371] [T:2020-12-03 05:06:50.879520] [U:?] [A:_cert_login email@hello.com]
[E:da225de9-695b-48b9-9c4b-c8b04a969cfa] [T:2020-12-03 05:06:50.882462] [U:email@hello.com] [A:_commands]
[E:d718c850-9ead-4511-b2ed-340b0efdbbd9] [T:2020-12-03 05:06:54.239474] [U:email@hello.com] [A:file_transfer._upload_folder custom_ct_spleen UEsDBBQAAAAAAMYgglEAAAAAAAAAAAAAAAAWAAAAY3VzdG9tX2N0X3]
[E:535ce02c-4ec1-49e5-9f23-9d5e3ec91171] [T:2020-12-03 05:06:56.273609] [U:email@hello.com] [A:set_run_number 1]
[E:164f6e73-11d6-4011-8edc-c68af0d70657] [T:2020-12-03 05:06:59.264534] [U:email@hello.com] [A:deploy custom_ct_spleen server]
[E:66490b9c-1641-4336-b683-a873ac6f43e2] [T:2020-12-03 05:07:01.279578] [U:email@hello.com] [A:deploy custom_ct_spleen client]
[E:02b4402f-fd8a-4c1f-a989-9707c6048fd6] [T:2020-12-03 05:07:02.375973] [U:email@hello.com] [A:start server]
[E:be22e021-142c-4904-b4d8-fb26fe192743] [T:2020-12-03 05:07:03.577861] [U:email@hello.com] [A:start client]
[E:04bac5cb-a136-4075-8e06-85a9823944de] [T:2020-12-03 05:18:39.925676] [U:?] [A:_cert_login email@hello.com]
[E:91fd6492-75bb-4f37-9818-45ab044b58f1] [T:2020-12-03 05:18:39.933263] [U:email@hello.com] [A:_commands]
[E:0f5a0389-2b3b-4f8b-83e9-722f0dff5585] [T:2020-12-03 05:18:43.372608] [U:email@hello.com] [A:file_transfer._upload_folder custom_ct_spleen UEsDBBQAAAAAAMYgglEAAAAAAAAAAAAAAAAWAAAAY3VzdG9tX2N0X3]
[E:e4f64a07-34c1-4811-9c6c-4172efe170d9] [T:2020-12-03 05:18:45.439517] [U:email@hello.com] [A:set_run_number 1]
[E:e811cb26-abf5-41d5-b640-f933dfd4cf5f] [T:2020-12-03 05:18:48.215728] [U:email@hello.com] [A:check_status server]
[E:a1dea435-cccd-4830-aa6a-0fd2da1d2ff3] [T:2020-12-03 05:18:52.353178] [U:email@hello.com] [A:deploy custom_ct_spleen server]
[E:5a29c9b9-eac9-4bd2-b7f5-099d0f4f4dc9] [T:2020-12-03 05:18:54.135622] [U:email@hello.com] [A:deploy custom_ct_spleen client]
[E:4f2a798d-ee9f-4291-b795-e2d03c3c9b61] [T:2020-12-03 05:18:55.243103] [U:email@hello.com] [A:start server]
[E:f5dc66b7-e668-49d6-b0c2-1ba7881763d1] [T:2020-12-03 05:18:56.331715] [U:email@hello.com] [A:start client]
[E:232e02c7-717c-47b5-ad49-4d3550f8c8f6] [T:2020-12-04 20:56:02.730134] [U:?] [A:_cert_login email@hello.com]
[E:c9335cc7-f1b5-4369-93d8-decfe09d36a4] [T:2020-12-04 20:56:02.738026] [U:email@hello.com] [A:_commands]
[E:1024362c-e406-42e4-9f55-7225243c82f2] [T:2020-12-04 20:56:06.214315] [U:email@hello.com] [A:file_transfer._upload_folder custom_ct_spleen UEsDBBQAAAAAAMYgglEAAAAAAAAAAAAAAAAWAAAAY3VzdG9tX2N0X3]
[E:25b96f06-770f-4ae6-a761-c41647f7fa4a] [T:2020-12-04 20:56:08.211257] [U:email@hello.com] [A:set_run_number 1]
[E:c1261b85-dee6-4867-b51a-87c118aa4b95] [T:2020-12-04 20:56:11.116488] [U:email@hello.com] [A:deploy custom_ct_spleen server]
[E:f597eabb-01fa-4d4e-a782-2376777f6be2] [T:2020-12-04 20:56:13.198583] [U:email@hello.com] [A:deploy custom_ct_spleen client]
[E:702e0192-48fa-47e8-8004-9032bc4a6285] [T:2020-12-04 20:56:14.271700] [U:email@hello.com] [A:start server]
[E:f3de7355-36bf-4f71-8ee8-4c40df2f76d8] [T:2020-12-04 20:56:15.417940] [U:email@hello.com] [A:start client]
[E:5680b5ab-6d2b-4778-a126-7c43c35b9f3f] [T:2020-12-04 21:23:15.537202] [U:?] [A:_cert_login email@hello.com]
[E:0424e54b-84b6-42da-b16f-f86339b17ed2] [T:2020-12-04 21:23:15.540036] [U:email@hello.com] [A:_commands]
[E:747c05e3-f56f-4eb0-b8ee-581e4d6d6c96] [T:2020-12-04 21:23:22.180462] [U:email@hello.com] [A:file_transfer._upload_folder custom_ct_spleen UEsDBBQAAAAAAMYgglEAAAAAAAAAAAAAAAAWAAAAY3VzdG9tX2N0X3]
[E:dd03d8e0-ac4e-4977-afef-fec1df2c1641] [T:2020-12-04 21:23:24.350649] [U:email@hello.com] [A:set_run_number 1]
[E:cc5ef927-bc79-4f66-b602-b28d8fd57a16] [T:2020-12-04 21:23:28.250506] [U:email@hello.com] [A:deploy custom_ct_spleen server]
[E:2ef69475-634d-49ec-877f-f6ca481ab16c] [T:2020-12-04 21:23:29.927243] [U:email@hello.com] [A:deploy custom_ct_spleen client]
[E:f541f7a0-5ada-44e4-a619-9738334ad77a] [T:2020-12-04 21:23:30.985824] [U:email@hello.com] [A:start server]
[E:318d6fc8-19d8-43e3-ada4-40509a929546] [T:2020-12-04 21:23:31.901744] [U:email@hello.com] [A:start client]
[E:4cd40c5e-e7e1-4824-8efe-16a06328d8d1] [T:2020-12-04 21:39:00.114888] [U:?] [A:_cert_login email@hello.com]
[E:916f1a98-786b-4d9d-8f9b-64275850e57c] [T:2020-12-04 21:39:00.117803] [U:email@hello.com] [A:_commands]
[E:215b8427-ff5b-43a5-98dd-9ad87aba4997] [T:2020-12-04 21:39:09.396216] [U:email@hello.com] [A:file_transfer._upload_folder custom_ct_spleen UEsDBBQAAAAAAMYgglEAAAAAAAAAAAAAAAAWAAAAY3VzdG9tX2N0X3]
[E:0497c180-a4d0-40b1-aab4-989a9f6bf5f7] [T:2020-12-04 21:39:11.298537] [U:email@hello.com] [A:set_run_number 1]
[E:f932c4e0-bf4b-4e98-8ba5-e093b24c445c] [T:2020-12-04 21:39:14.565915] [U:email@hello.com] [A:deploy custom_ct_spleen server]
[E:4665eaa6-a599-401c-bd5e-5876f7d093b8] [T:2020-12-04 21:39:16.368808] [U:email@hello.com] [A:deploy custom_ct_spleen client]
[E:ce9811fd-d141-4c8a-80bd-e621393eb795] [T:2020-12-04 21:39:17.456552] [U:email@hello.com] [A:start server]
[E:32e666dd-6e30-418a-bd99-c71c0b8c800e] [T:2020-12-04 21:39:18.365708] [U:email@hello.com] [A:start client]
[E:64828a38-b0e4-4df4-beb2-f3ac85f470c1] [T:2020-12-09 22:28:02.801645] [U:?] [A:_cert_login email@hello.com]
[E:aba46766-f0f5-46a1-a9d7-704a15ced142] [T:2020-12-09 22:28:02.804710] [U:email@hello.com] [A:_commands]
[E:8af4363c-2165-47d5-a86b-ed3fb1b888b8] [T:2020-12-09 22:28:05.689159] [U:email@hello.com] [A:file_transfer._upload_folder custom_ct_spleen UEsDBBQAAAAAAMYgglEAAAAAAAAAAAAAAAAWAAAAY3VzdG9tX2N0X3]
[E:3101874f-cca6-447e-8966-eaf82d073d05] [T:2020-12-09 22:28:08.796916] [U:email@hello.com] [A:set_run_number 1]
[E:49d24ec8-eb7b-4c59-b7ff-fd635c34dd12] [T:2020-12-09 22:28:11.498033] [U:email@hello.com] [A:deploy custom_ct_spleen server]
[E:af28fd3e-da1e-474c-98e7-f461ffc5e66a] [T:2020-12-09 22:28:13.115366] [U:email@hello.com] [A:deploy custom_ct_spleen client]
[E:9cdd4625-aeed-46a1-bcbf-b4582671ae65] [T:2020-12-09 22:29:00.523498] [U:email@hello.com] [A:start server]
[E:19fba5f7-9104-4b38-95bf-569cb2e3522a] [T:2020-12-09 22:29:01.453858] [U:email@hello.com] [A:start client]
[E:16fc4a6a-085a-4619-9d0b-6bbbb8f21fb9] [T:2020-12-09 22:36:28.558131] [U:email@hello.com] [A:restart server]
[E:7491978a-1287-45ac-8e32-7e9789f99acb] [T:2020-12-09 22:37:26.211790] [U:?] [A:_cert_login email@hello.com]
[E:8c5e67d0-28bc-49de-9d18-1252ef9d4c28] [T:2020-12-09 22:37:26.214781] [U:email@hello.com] [A:_commands]
[E:cb1465a1-b268-4a2e-8952-04c9d611873f] [T:2020-12-09 22:37:29.328025] [U:email@hello.com] [A:file_transfer._upload_folder custom_ct_spleen UEsDBBQAAAAAAMYgglEAAAAAAAAAAAAAAAAWAAAAY3VzdG9tX2N0X3]
[E:6e11e30e-94e1-4e3c-9261-dc1d79e7a41c] [T:2020-12-09 22:37:31.250732] [U:email@hello.com] [A:set_run_number 1]
[E:0a7d7291-3d59-483d-8464-e2d591b174f2] [T:2020-12-09 22:37:35.799167] [U:email@hello.com] [A:deploy custom_ct_spleen server]
[E:103a962a-e6ef-422f-b2eb-421c324e7ad2] [T:2020-12-09 22:37:38.756869] [U:email@hello.com] [A:deploy custom_ct_spleen client]
[E:ac092f34-1147-4894-80d5-c5156082a626] [T:2020-12-09 22:37:39.804226] [U:email@hello.com] [A:start server]
[E:8b4446a2-8cc8-4b38-b1e6-0de5099f01f4] [T:2020-12-09 22:37:41.349281] [U:email@hello.com] [A:start client]
[E:40c8ca70-41eb-4e22-8e8e-96f43d530d71] [T:2020-12-09 22:58:25.538933] [U:email@hello.com] [A:restart server]
[E:f10d1ec6-1e90-4508-b8f2-2732a4a67472] [T:2020-12-09 22:59:06.191703] [U:?] [A:_cert_login email@hello.com]
[E:350566ca-d2d4-4042-9513-50f7e853953d] [T:2020-12-09 22:59:06.194658] [U:email@hello.com] [A:_commands]
[E:f5e75935-4538-4880-a9bf-1adce9fb9022] [T:2020-12-09 22:59:09.338378] [U:email@hello.com] [A:file_transfer._upload_folder custom_ct_spleen UEsDBBQAAAAAAMYgglEAAAAAAAAAAAAAAAAWAAAAY3VzdG9tX2N0X3]
[E:92346d87-dbde-4b2d-bcfb-35125a28bf28] [T:2020-12-09 22:59:11.028241] [U:email@hello.com] [A:set_run_number 1]
[E:2fd59652-eea0-421a-9007-c53f6bc50c8a] [T:2020-12-09 22:59:13.792697] [U:email@hello.com] [A:deploy custom_ct_spleen server]
[E:1d55b523-0bb1-4215-9cc9-60a69088a38b] [T:2020-12-09 22:59:15.608971] [U:email@hello.com] [A:deploy custom_ct_spleen client]
[E:b9098cc8-afa4-4455-b41b-50cb0e5f414f] [T:2020-12-09 22:59:16.589131] [U:email@hello.com] [A:start server]
[E:c8032475-30b2-4059-92c8-ef21484ebb8d] [T:2020-12-09 22:59:17.633944] [U:email@hello.com] [A:start client]
[E:31be419f-f539-4942-9d8d-9662c6964d05] [T:2020-12-09 23:08:21.358830] [U:email@hello.com] [A:restart server]
[E:48e0d380-3578-4f35-bb38-6db83f814850] [T:2020-12-09 23:08:59.651897] [U:?] [A:_cert_login email@hello.com]
[E:84b72cca-8980-467d-aebe-c0b5b79993e3] [T:2020-12-09 23:08:59.654817] [U:email@hello.com] [A:_commands]
[E:d3c4dbdb-240a-442c-b848-4461d59bc7fd] [T:2020-12-09 23:09:02.711757] [U:email@hello.com] [A:file_transfer._upload_folder custom_ct_spleen UEsDBBQAAAAAAMYgglEAAAAAAAAAAAAAAAAWAAAAY3VzdG9tX2N0X3]
[E:7905d855-2716-4961-9e7f-bb23db91ee78] [T:2020-12-09 23:09:04.599479] [U:email@hello.com] [A:set_run_number 1]
[E:5b83ed91-c377-4386-8d34-ecc64837f6b9] [T:2020-12-09 23:09:07.265822] [U:email@hello.com] [A:deploy custom_ct_spleen server]
[E:1b36ca65-1aaa-4423-a947-13fe7ec41718] [T:2020-12-09 23:09:09.815682] [U:email@hello.com] [A:deploy custom_ct_spleen client]
[E:082d1a0c-d197-4bcb-a6a0-191d6f1a7fcd] [T:2020-12-09 23:09:10.868869] [U:email@hello.com] [A:start server]
[E:c51f4340-169e-41db-8094-cc571a367b25] [T:2020-12-09 23:09:12.009198] [U:email@hello.com] [A:start client]
[E:ba6dba44-b870-47fb-8def-a51bbd98bf94] [T:2020-12-09 23:15:21.537485] [U:email@hello.com] [A:restart server]
[E:d1aba6d8-ad6f-49c3-9037-2eec77ad1ee8] [T:2020-12-09 23:19:43.325811] [U:?] [A:_cert_login email@hello.com]
[E:b21e5577-09df-442c-89fd-54c9e9150865] [T:2020-12-09 23:19:43.328932] [U:email@hello.com] [A:_commands]
[E:67b322e6-0010-4b27-8b37-f4c7f3d31987] [T:2020-12-09 23:19:46.536149] [U:email@hello.com] [A:file_transfer._upload_folder custom_ct_spleen UEsDBBQAAAAAAMYgglEAAAAAAAAAAAAAAAAWAAAAY3VzdG9tX2N0X3]
[E:2c0d47a5-8e33-4340-a4c6-747de79d5490] [T:2020-12-09 23:19:48.273491] [U:email@hello.com] [A:set_run_number 1]
[E:fab5dc34-0f57-42b6-a1eb-e9d01cda4ec0] [T:2020-12-09 23:19:52.764843] [U:email@hello.com] [A:deploy custom_ct_spleen server]
[E:8e660f4d-154b-4d8d-9dcb-5ee9f068a8b9] [T:2020-12-09 23:19:54.674316] [U:email@hello.com] [A:deploy custom_ct_spleen client]
[E:db5de474-b789-49e8-958e-47796fdbbb1a] [T:2020-12-09 23:19:55.698977] [U:email@hello.com] [A:start server]
[E:2819014b-e05b-49c2-9f2e-e8e186ad3420] [T:2020-12-09 23:19:56.576811] [U:email@hello.com] [A:start client]
[E:52ff9ced-b6db-465e-85d8-407dde8e4a3e] [T:2020-12-09 23:34:27.195414] [U:email@hello.com] [A:restart server]
[E:d601fda9-6f8f-4636-b804-6a6932a51f4d] [T:2020-12-09 23:36:11.810354] [U:?] [A:_cert_login email@hello.com]
[E:6d05b3ff-26eb-40db-ad9d-1b8aba3203bd] [T:2020-12-09 23:36:11.813362] [U:email@hello.com] [A:_commands]
[E:f53330a5-16d3-4729-abff-7aa53c2157eb] [T:2020-12-09 23:36:15.985502] [U:email@hello.com] [A:file_transfer._upload_folder custom_ct_spleen UEsDBBQAAAAAAMYgglEAAAAAAAAAAAAAAAAWAAAAY3VzdG9tX2N0X3]
[E:ecd30b24-dee9-4eb6-92be-5d4d83d27734] [T:2020-12-09 23:36:17.838304] [U:email@hello.com] [A:set_run_number 1]
[E:2db16764-8bf6-4234-bb5d-7bf7fee0268c] [T:2020-12-09 23:36:20.803497] [U:email@hello.com] [A:deploy custom_ct_spleen server]
[E:4e297f37-61e6-4df5-a41c-6e6301f6b284] [T:2020-12-09 23:36:23.269110] [U:email@hello.com] [A:deploy custom_ct_spleen client]
[E:5b8b93e9-4abe-4ad3-9457-cb83c56cece5] [T:2020-12-09 23:36:24.388651] [U:email@hello.com] [A:start server]
[E:e63f4f1b-0cdc-4503-9a80-710693488d1c] [T:2020-12-09 23:36:25.381124] [U:email@hello.com] [A:start lcient]
[E:0d9013e7-e97d-40e1-90b0-240ec96acd56] [T:2020-12-09 23:36:27.177773] [U:email@hello.com] [A:start client]
[E:bf69b781-231e-4a84-b0a6-032a683efb94] [T:2020-12-09 23:46:25.029758] [U:email@hello.com] [A:restart server]
[E:ddb81f2a-1a65-402a-b42f-1f8441919340] [T:2020-12-09 23:47:20.962265] [U:?] [A:_cert_login email@hello.com]
[E:9d74bc9e-9981-443c-8ad4-f49928740af5] [T:2020-12-09 23:47:20.965311] [U:email@hello.com] [A:_commands]
[E:77fdfac7-b165-40d8-8907-4eb47ee1a90b] [T:2020-12-09 23:47:24.366265] [U:email@hello.com] [A:file_transfer._upload_folder custom_ct_spleen UEsDBBQAAAAAAMYgglEAAAAAAAAAAAAAAAAWAAAAY3VzdG9tX2N0X3]
[E:6db62a19-79aa-45a9-8742-050b1aff30f4] [T:2020-12-09 23:47:26.244027] [U:email@hello.com] [A:set_run_number 1]
[E:280e4c23-28ad-4881-a73c-048ccac58074] [T:2020-12-09 23:47:29.329592] [U:email@hello.com] [A:deploy custom_ct_spleen server]
[E:0caaca4b-31cb-4a72-bb46-e4fb7f2a5df1] [T:2020-12-09 23:47:31.136123] [U:email@hello.com] [A:deploy custom_ct_spleen client]
[E:9bc0b379-1cd8-4435-ad4c-338135e981af] [T:2020-12-09 23:47:32.258830] [U:email@hello.com] [A:start server]
[E:68c51091-d2fd-4ddb-81ba-7b3b3e3cbfbc] [T:2020-12-09 23:47:33.160590] [U:email@hello.com] [A:start client]
[E:54faca15-09aa-4784-aa34-0860e427273f] [T:2020-12-10 00:33:45.571839] [U:email@hello.com] [A:restart server]
[E:8eea0773-5fc0-4070-94e2-ef759703bd9e] [T:2020-12-10 00:34:44.692138] [U:?] [A:_cert_login email@hello.com]
[E:1fc6b7e0-2af7-4b9d-b083-b01cd52f5431] [T:2020-12-10 00:34:44.695021] [U:email@hello.com] [A:_commands]
[E:d97d19d5-9766-4354-ac78-554cd9a7af6c] [T:2020-12-10 00:34:49.834716] [U:email@hello.com] [A:file_transfer._upload_folder custom_ct_spleen UEsDBBQAAAAAAMYgglEAAAAAAAAAAAAAAAAWAAAAY3VzdG9tX2N0X3]
[E:8780d661-9cd7-4adb-8e0c-e960b93e518d] [T:2020-12-10 00:34:51.688083] [U:email@hello.com] [A:set_run_number 1]
[E:65b2a259-92b0-464c-8410-3c14f0f28fa2] [T:2020-12-10 00:34:54.634769] [U:email@hello.com] [A:deploy custom_ct_spleen server]
[E:ef8cb66f-3d3d-48ea-a98d-b7404bcc97b4] [T:2020-12-10 00:34:57.533648] [U:email@hello.com] [A:deploy custom_ct_spleen client]
[E:92c7cc52-b088-4e28-93bf-2984178308a7] [T:2020-12-10 00:34:59.126736] [U:email@hello.com] [A:start server]
[E:96e3494c-010a-48df-9aac-19256a939507] [T:2020-12-10 00:35:00.119494] [U:email@hello.com] [A:start client]
[E:ecb57304-5cdd-4051-a03b-2f020ad21618] [T:2020-12-10 00:48:36.933699] [U:?] [A:_cert_login email@hello.com]
[E:d850839a-d0ff-4fb2-a683-9b201693fec5] [T:2020-12-10 00:48:36.936860] [U:email@hello.com] [A:_commands]
[E:71b51178-cc97-4e27-8f5b-16364a566ecf] [T:2020-12-10 00:48:41.243077] [U:email@hello.com] [A:file_transfer._upload_folder custom_ct_spleen UEsDBBQAAAAAAMYgglEAAAAAAAAAAAAAAAAWAAAAY3VzdG9tX2N0X3]
[E:c2dcee0c-d076-4946-8bb0-4f969aa79896] [T:2020-12-10 00:48:42.978710] [U:email@hello.com] [A:set_run_number 1]
[E:a3adbe2b-56a3-4c21-8985-8d8a393580b8] [T:2020-12-10 00:48:45.747991] [U:email@hello.com] [A:deploy custom_ct_spleen server]
[E:035db7e9-27c9-4bf6-9db7-942ace8ec58d] [T:2020-12-10 00:48:47.453694] [U:email@hello.com] [A:deploy custom_ct_spleen client]
[E:3e879828-4ded-4fd3-bb10-4d71cf7f099d] [T:2020-12-10 00:48:48.755837] [U:email@hello.com] [A:start server]
[E:49347dd9-46fa-4f36-9748-75370c327659] [T:2020-12-10 00:48:50.268841] [U:email@hello.com] [A:start client]
[E:191b9a0c-383b-4239-91db-8b9d4befd9cb] [T:2020-12-10 00:59:31.185720] [U:?] [A:_cert_login email@hello.com]
[E:02d7b72d-b09d-46e8-93cf-88b7f4ef3a1e] [T:2020-12-10 00:59:31.188684] [U:email@hello.com] [A:_commands]
[E:98b3b425-07cd-46f0-9ef1-9d3a2bbbd6f4] [T:2020-12-10 00:59:35.532245] [U:email@hello.com] [A:file_transfer._upload_folder custom_ct_spleen UEsDBBQAAAAAAMYgglEAAAAAAAAAAAAAAAAWAAAAY3VzdG9tX2N0X3]
[E:1d4996a5-047f-4126-9c6f-9d23beae003d] [T:2020-12-10 00:59:37.408669] [U:email@hello.com] [A:set_run_number 1]
[E:e80c450a-8627-4844-8510-1e640d3f617d] [T:2020-12-10 00:59:40.723947] [U:email@hello.com] [A:deploy custom_ct_spleen server]
[E:da61b393-747d-4746-be6b-18b8ce243291] [T:2020-12-10 00:59:43.417034] [U:email@hello.com] [A:deploy custom_ct_spleen client]
[E:06a0dfa9-450f-49ed-a000-9c4fb2a716c9] [T:2020-12-10 00:59:44.444731] [U:email@hello.com] [A:start server]
[E:8e5c6f65-cf6f-47af-81f5-cb58b74033f8] [T:2020-12-10 00:59:45.358506] [U:email@hello.com] [A:start client]
[E:2c4e3fe7-ba87-45d8-84b7-7a129d1d5167] [T:2020-12-10 01:06:15.278905] [U:email@hello.com] [A:restart server]
[E:4f5f8f3e-3d43-4553-9b90-13eedc6e4a56] [T:2020-12-10 01:07:16.257039] [U:?] [A:_cert_login email@hello.com]
[E:c172cd2a-27b1-4f46-a8b6-2030f9e009de] [T:2020-12-10 01:07:16.260079] [U:email@hello.com] [A:_commands]
[E:4d7665d5-a7b7-48e8-8c53-ecc06a755467] [T:2020-12-10 01:07:19.559631] [U:email@hello.com] [A:file_transfer._upload_folder custom_ct_spleen UEsDBBQAAAAAAMYgglEAAAAAAAAAAAAAAAAWAAAAY3VzdG9tX2N0X3]
[E:8a7eed3a-ab6d-4687-8939-bfc956373028] [T:2020-12-10 01:07:21.568749] [U:email@hello.com] [A:set_run_number 1]
[E:31ca0407-370d-4355-91a4-d99da3ffc565] [T:2020-12-10 01:07:24.862488] [U:email@hello.com] [A:deploy custom_ct_spleen server]
[E:2f17acf8-23cc-4f2b-ac00-0b66ae64b096] [T:2020-12-10 01:07:26.734836] [U:email@hello.com] [A:deploy custom_ct_spleen client]
[E:183dc01e-05c0-4337-80c1-4b8daf6e0493] [T:2020-12-10 01:07:28.073646] [U:email@hello.com] [A:start server]
[E:55b1ead9-9f0c-4869-9599-9b7e1511be58] [T:2020-12-10 01:07:29.089422] [U:email@hello.com] [A:start client]
[E:1a1f8b84-2eb4-4a76-bb2c-8508b4cc3eb3] [T:2020-12-10 01:19:20.866385] [U:email@hello.com] [A:restart server]
[E:f8a7bad8-2ed0-41c2-be39-3bc7deab6365] [T:2020-12-10 01:19:54.971727] [U:?] [A:_cert_login email@hello.com]
[E:645d3876-e851-4f06-a942-3f14309c8f37] [T:2020-12-10 01:19:54.975479] [U:email@hello.com] [A:_commands]
[E:c639cace-032e-4705-baad-b07e8e4c8ab7] [T:2020-12-10 01:19:58.220585] [U:email@hello.com] [A:file_transfer._upload_folder custom_ct_spleen UEsDBBQAAAAAAMYgglEAAAAAAAAAAAAAAAAWAAAAY3VzdG9tX2N0X3]
[E:a9f2daff-104d-40f6-a1dd-3dd2079ee9c6] [T:2020-12-10 01:19:59.993965] [U:email@hello.com] [A:set_run_number 1]
[E:6a4d45a2-6719-4559-b574-91958d1ce99a] [T:2020-12-10 01:20:04.369016] [U:email@hello.com] [A:deploy custom_ct_spleen server]
[E:b67015dc-0ef1-4467-9a5b-bb983a215b95] [T:2020-12-10 01:20:06.272482] [U:email@hello.com] [A:deploy custom_ct_spleen client]
[E:06dbf543-c6ce-4fa0-8ea6-a1c4e7436bea] [T:2020-12-10 01:20:07.288910] [U:email@hello.com] [A:start server]
[E:489ed35a-4262-4bcf-b9b8-af2c6a5fd7dc] [T:2020-12-10 01:20:08.253588] [U:email@hello.com] [A:start client]
[E:72a0f0cc-8a60-4e30-b2a8-27580ab900e9] [T:2020-12-11 18:28:55.619575] [U:?] [A:_cert_login email@hello.com]
[E:1ae67970-a14f-4fe1-9455-bc380d994a9a] [T:2020-12-11 18:28:55.644311] [U:email@hello.com] [A:_commands]
[E:c6db8e95-9bad-4f21-be25-4100c1bba7e9] [T:2020-12-11 18:28:59.132071] [U:email@hello.com] [A:file_transfer._upload_folder custom_ct_spleen UEsDBBQAAAAAAMYgglEAAAAAAAAAAAAAAAAWAAAAY3VzdG9tX2N0X3]
[E:6a9a0cc9-dedb-4d65-a60f-1b167ca79491] [T:2020-12-11 18:29:00.826524] [U:email@hello.com] [A:set_run_number 1]
[E:ebf10513-bac5-4e49-a75a-c1ddcfbf7b23] [T:2020-12-11 18:29:05.937509] [U:email@hello.com] [A:deploy custom_ct_spleen server]
[E:0cf11ade-29d9-4f72-b2fc-1848e2a2aa17] [T:2020-12-11 18:29:08.333986] [U:email@hello.com] [A:deploy custom_ct_spleen client]
[E:0c6c3160-1398-44cb-925a-94069d269ab8] [T:2020-12-11 18:29:09.510240] [U:email@hello.com] [A:start server]
[E:1b25d512-0a9a-486d-a44c-a27390bb6e29] [T:2020-12-11 18:29:10.520972] [U:email@hello.com] [A:start client]
[E:69a99c1d-9046-4173-9d7e-16d4311a63db] [T:2020-12-11 19:02:40.745487] [U:?] [A:_cert_login email@hello.com]
[E:313434fe-3f94-433f-a8ec-22627698ef0e] [T:2020-12-11 19:02:40.748284] [U:email@hello.com] [A:_commands]
[E:01d832d6-cbe8-454c-a965-24ec42ce3448] [T:2020-12-11 19:02:51.222882] [U:email@hello.com] [A:file_transfer._upload_folder custom_ct_spleen UEsDBBQAAAAAAMYgglEAAAAAAAAAAAAAAAAWAAAAY3VzdG9tX2N0X3]
[E:14f02065-7c68-4b98-b2ca-9712e0618ac6] [T:2020-12-11 19:02:53.215590] [U:email@hello.com] [A:set_run_number 1]
[E:253f4392-ef66-49e4-8965-0c2c4085253c] [T:2020-12-11 19:02:56.016154] [U:email@hello.com] [A:deploy custom_ct_spleen server]
[E:4990b9a5-0f7b-480f-99e7-9f103475fe72] [T:2020-12-11 19:02:58.612984] [U:email@hello.com] [A:deploy custom_ct_spleen client]
[E:1b8f157d-0720-4067-a5ee-819fb7f0e62a] [T:2020-12-11 19:02:59.884515] [U:email@hello.com] [A:start server]
[E:681b773d-05a6-4693-82ee-fc0a9fdea9fd] [T:2020-12-11 19:03:00.805133] [U:email@hello.com] [A:start client]
[E:57394bcf-a0b1-4e20-901a-36bf63cd407d] [T:2020-12-11 19:27:40.405809] [U:?] [A:_cert_login email@hello.com]
[E:8fdea8d7-2640-4913-8062-a31962555010] [T:2020-12-11 19:27:40.408623] [U:email@hello.com] [A:_commands]
[E:397c0610-2d09-4314-b0f1-01300de21e75] [T:2020-12-11 19:27:43.842585] [U:email@hello.com] [A:file_transfer._upload_folder custom_ct_spleen UEsDBBQAAAAAAMYgglEAAAAAAAAAAAAAAAAWAAAAY3VzdG9tX2N0X3]
[E:c7e9d8d6-e8ec-43fa-8fb9-9eb9acf49b0d] [T:2020-12-11 19:27:46.468468] [U:email@hello.com] [A:set_run_number 1]
[E:c7e8ad1a-580b-48c6-8be8-b5219137bdaf] [T:2020-12-11 19:27:49.441677] [U:email@hello.com] [A:deploy custom_ct_spleen server]
[E:ecc86a5d-e954-445e-b110-8dd959b2eaf9] [T:2020-12-11 19:27:51.625735] [U:email@hello.com] [A:deploy custom_ct_spleen client]
[E:bbde0e42-ab08-4c7f-a079-0b2b90707cab] [T:2020-12-11 19:27:53.011577] [U:email@hello.com] [A:start server]
[E:2e1521cd-f957-4ecd-bb6b-19dac51c8de5] [T:2020-12-11 19:27:54.088141] [U:email@hello.com] [A:start client]
[E:eddc28fe-a73b-4722-9921-7c7e17c6f286] [T:2020-12-17 20:18:36.533067] [U:?] [A:_cert_login email@hello.com]
[E:768746ea-e0a0-449f-bbe3-c03bbc4fd8be] [T:2020-12-17 20:18:36.536355] [U:email@hello.com] [A:_commands]
[E:7281fdbb-59c8-4894-ae7a-b9e278632941] [T:2020-12-17 20:18:44.111594] [U:email@hello.com] [A:file_transfer._upload_folder custom_ct_spleen UEsDBBQAAAAAAMYgglEAAAAAAAAAAAAAAAAWAAAAY3VzdG9tX2N0X3]
[E:e6774cbb-9d0f-43f4-8cfe-4c5bc5b29a79] [T:2020-12-17 20:18:44.116404] [U:email@hello.com] [A:set_run_number 1]
[E:755280b1-8ba6-4ab0-b565-1f9694ea759c] [T:2020-12-17 20:18:44.120714] [U:email@hello.com] [A:deploy custom_ct_spleen server]
[E:085feaa4-c12f-4e07-981e-0a9921da79f3] [T:2020-12-17 20:18:44.160686] [U:email@hello.com] [A:deploy custom_ct_spleen client]
[E:ee82ea5e-0339-4333-bf3b-44bf356906c2] [T:2020-12-17 20:18:44.869967] [U:email@hello.com] [A:start server]
[E:fb38f7b2-15cc-44c5-9037-b87cb5dd63b1] [T:2020-12-17 20:18:44.874094] [U:email@hello.com] [A:start client]
[E:75f14c4a-2f71-45d1-9d4f-80f262ca0952] [T:2020-12-17 20:18:55.184360] [U:email@hello.com] [A:start client]
[E:774e5e3c-5069-4ee6-988d-25dad9e7a1ad] [T:2020-12-17 20:35:11.507455] [U:?] [A:_cert_login email@hello.com]
[E:673d22d6-654a-4069-8327-38bd8419c551] [T:2020-12-17 20:35:11.510477] [U:email@hello.com] [A:_commands]
[E:8960b3e9-5a4a-4cea-8f50-ac95c7b5bda4] [T:2020-12-17 20:35:22.977227] [U:email@hello.com] [A:file_transfer._upload_folder custom_ct_spleen UEsDBBQAAAAAAMYgglEAAAAAAAAAAAAAAAAWAAAAY3VzdG9tX2N0X3]
[E:6eee8444-180a-4ba4-9660-28de8964286e] [T:2020-12-17 20:35:22.982336] [U:email@hello.com] [A:set_run_number 1]
[E:ffea346f-c376-4263-9b03-68f17bf0e4d5] [T:2020-12-17 20:35:22.986426] [U:email@hello.com] [A:deploy custom_ct_spleen server]
[E:02690823-772b-4e63-acb0-90d14e36eb3b] [T:2020-12-17 20:35:23.024622] [U:email@hello.com] [A:deploy custom_ct_spleen client]
[E:b5caa948-adb2-4fb7-b80d-9ea4a6aa84e9] [T:2020-12-17 20:35:23.331847] [U:email@hello.com] [A:start server]
[E:58d60b70-3db0-4c2f-b9e2-64392fe86578] [T:2020-12-17 20:35:34.188908] [U:email@hello.com] [A:start client]
[E:d6bdd537-3204-4e1b-9671-c2527ccfab9c] [T:2020-12-17 20:51:55.035552] [U:?] [A:_cert_login email@hello.com]
[E:e935de6c-c123-47cd-985d-57c8458a351c] [T:2020-12-17 20:51:55.038459] [U:email@hello.com] [A:_commands]
[E:c923d78b-fe61-4526-b081-91d9f1f12241] [T:2020-12-17 20:51:57.655858] [U:email@hello.com] [A:file_transfer._upload_folder custom_ct_spleen UEsDBBQAAAAAAMYgglEAAAAAAAAAAAAAAAAWAAAAY3VzdG9tX2N0X3]
[E:2b35667c-e9ee-4442-bcda-c4512db03424] [T:2020-12-17 20:51:57.660823] [U:email@hello.com] [A:set_run_number 1]
[E:d6a8a36d-97f7-4fd2-8792-16136921d2c3] [T:2020-12-17 20:51:57.664835] [U:email@hello.com] [A:deploy custom_ct_spleen server]
[E:d7420146-c21a-4eef-b6d0-24d543b1904d] [T:2020-12-17 20:51:57.705030] [U:email@hello.com] [A:deploy custom_ct_spleen client]
[E:1e34b2ad-98d8-4630-b1d2-ab4b888a7002] [T:2020-12-17 20:51:57.911944] [U:email@hello.com] [A:start server]
[E:1c5e509f-cdf3-4002-b1e0-c703464c14bc] [T:2020-12-17 20:52:23.129524] [U:email@hello.com] [A:start client]
[E:3a193e3e-688d-4412-aa6f-3e63a0d4062a] [T:2020-12-17 21:04:13.443240] [U:?] [A:_cert_login email@hello.com]
[E:f55d4835-07a9-48ed-8a1e-74f9798f44d3] [T:2020-12-17 21:04:13.446456] [U:email@hello.com] [A:_commands]
[E:5479f567-44f8-474a-95d0-46b6979f68a3] [T:2020-12-17 21:04:16.360195] [U:email@hello.com] [A:file_transfer._upload_folder custom_ct_spleen UEsDBBQAAAAAAMYgglEAAAAAAAAAAAAAAAAWAAAAY3VzdG9tX2N0X3]
[E:6f6f3f0a-ed04-45a2-86fd-e2881610df3d] [T:2020-12-17 21:04:16.364948] [U:email@hello.com] [A:set_run_number 1]
[E:f4904951-4546-4b5f-90da-75b88a9de870] [T:2020-12-17 21:04:16.368884] [U:email@hello.com] [A:deploy custom_ct_spleen server]
[E:59acb170-8ba2-4013-9222-54a4ad3547e4] [T:2020-12-17 21:04:16.407774] [U:email@hello.com] [A:deploy custom_ct_spleen client]
[E:199e3cc2-2ccb-4007-a8a4-eb4cc39df5c7] [T:2020-12-17 21:04:16.514365] [U:email@hello.com] [A:start server]
[E:7a9c7fec-bc76-45b4-99d7-f29c6921342c] [T:2020-12-17 21:04:25.441932] [U:email@hello.com] [A:start client]
[E:262f7326-bd5c-42f3-b75d-5ea63893695d] [T:2020-12-17 21:15:27.743203] [U:?] [A:_cert_login email@hello.com]
[E:fa540852-fc44-4b15-a716-39a59af12eff] [T:2020-12-17 21:15:27.746103] [U:email@hello.com] [A:_commands]
[E:1b90ef01-530f-4700-b472-5efcc6e5c0b4] [T:2020-12-17 21:15:37.291820] [U:email@hello.com] [A:file_transfer._upload_folder custom_ct_spleen UEsDBBQAAAAAAMYgglEAAAAAAAAAAAAAAAAWAAAAY3VzdG9tX2N0X3]
[E:28027f28-87d1-42d7-980b-2e53fe2d825a] [T:2020-12-17 21:15:37.296718] [U:email@hello.com] [A:set_run_number 1]
[E:e816f271-42b0-4d84-b20e-783a226252da] [T:2020-12-17 21:15:37.301070] [U:email@hello.com] [A:deploy custom_ct_spleen server]
[E:15ee2a77-c24e-43a0-8328-595accf7a6ed] [T:2020-12-17 21:15:37.306560] [U:email@hello.com] [A:deploy custom_ct_spleen client]
[E:243f20f4-ffee-4f2d-9f54-9b79f8dde878] [T:2020-12-17 21:15:37.815018] [U:email@hello.com] [A:start server]
[E:fcce5d37-54ee-4869-bd3e-0d793b07fc45] [T:2020-12-17 21:16:16.192030] [U:email@hello.com] [A:start client]
[E:e4b4b364-2d5e-4318-a09b-6f465aba0db2] [T:2020-12-17 21:34:27.016849] [U:?] [A:_cert_login email@hello.com]
[E:ebbf4340-48b7-4f53-b0fb-f8f385134d2b] [T:2020-12-17 21:34:27.019858] [U:email@hello.com] [A:_commands]
[E:ddfa5ab8-e56a-4b8a-ba0b-00162deae2aa] [T:2020-12-17 21:34:31.473539] [U:email@hello.com] [A:file_transfer._upload_folder custom_ct_spleen UEsDBBQAAAAAAMYgglEAAAAAAAAAAAAAAAAWAAAAY3VzdG9tX2N0X3]
[E:628aba14-5fe4-4ba9-9d2d-8460765adc77] [T:2020-12-17 21:34:31.479138] [U:email@hello.com] [A:set_run_number 1]
[E:78ac3e74-d6bc-4e1f-ad5c-a2ce82848c02] [T:2020-12-17 21:34:31.483480] [U:email@hello.com] [A:deploy custom_ct_spleen server]
[E:58e928e3-3d0a-4fa4-a089-aa9927431f6c] [T:2020-12-17 21:34:31.489570] [U:email@hello.com] [A:deploy custom_ct_spleen client]
[E:34c7fe19-0c24-47f8-85d9-9ec7c26f9447] [T:2020-12-17 21:34:31.696355] [U:email@hello.com] [A:start server]
[E:19501f68-b64f-4bb0-b3ab-a09bf2e47258] [T:2020-12-17 21:34:35.406990] [U:email@hello.com] [A:start client]
[E:cd269b0f-5a0d-49e5-b3f2-8fbc7efcfac8] [T:2020-12-17 21:47:03.431026] [U:?] [A:_cert_login email@hello.com]
[E:97d9ba4e-621c-4033-b184-278a403c4994] [T:2020-12-17 21:47:03.433928] [U:email@hello.com] [A:_commands]
[E:b75ef2b1-95b4-4e0b-9187-e1e52f21e37e] [T:2020-12-17 21:47:09.044848] [U:email@hello.com] [A:file_transfer._upload_folder custom_ct_spleen UEsDBBQAAAAAAMYgglEAAAAAAAAAAAAAAAAWAAAAY3VzdG9tX2N0X3]
[E:c6da16af-8d20-4b42-a1f5-068dd80f2ea3] [T:2020-12-17 21:47:09.049676] [U:email@hello.com] [A:set_run_number 1]
[E:58287260-9b0a-4f36-ba59-e0a89baf9fe7] [T:2020-12-17 21:47:09.054086] [U:email@hello.com] [A:deploy custom_ct_spleen server]
[E:173e5e61-c6ed-41cc-9b96-ca289cfaca16] [T:2020-12-17 21:47:09.059733] [U:email@hello.com] [A:deploy custom_ct_spleen client]
[E:8b364554-08f8-4fdd-bebb-8f9560404c41] [T:2020-12-17 21:47:09.568171] [U:email@hello.com] [A:start server]
[E:9838d858-4a73-48c3-9dbc-c933323e371e] [T:2020-12-17 21:47:19.216288] [U:email@hello.com] [A:start client]
[E:c61a80fa-64bf-4590-b131-8dbc5d198da8] [T:2020-12-17 22:42:55.464303] [U:?] [A:_cert_login email@hello.com]
[E:ab8ef02d-1147-4033-9ab1-8282fe2fe14e] [T:2020-12-17 22:42:55.467125] [U:email@hello.com] [A:_commands]
[E:af40505a-298e-460b-8419-0d0b71ba5841] [T:2020-12-17 22:43:00.157597] [U:email@hello.com] [A:file_transfer._upload_folder custom_ct_spleen UEsDBBQAAAAAAMYgglEAAAAAAAAAAAAAAAAWAAAAY3VzdG9tX2N0X3]
[E:8958d130-d366-49c6-9efa-6b3a92c25ccb] [T:2020-12-17 22:43:00.162384] [U:email@hello.com] [A:set_run_number 1]
[E:3bf13538-6586-49a6-b776-2ad1744298f0] [T:2020-12-17 22:43:00.166428] [U:email@hello.com] [A:deploy custom_ct_spleen server]
[E:17f68827-35f3-4d64-88f4-0e8c97182612] [T:2020-12-17 22:43:00.203683] [U:email@hello.com] [A:deploy custom_ct_spleen client]
[E:f6dd9f9b-b6c0-49dc-8fa1-637483751abb] [T:2020-12-17 22:43:00.511474] [U:email@hello.com] [A:start server]
[E:0c4c00f2-7952-4eb2-92a6-cd3cca43bd8c] [T:2020-12-17 22:43:09.224380] [U:email@hello.com] [A:start client]
[E:963d0cc8-2c17-44b9-b7f3-87235109d70e] [T:2020-12-17 22:47:17.757767] [U:?] [A:_cert_login email@hello.com]
[E:4a482581-69ae-4d94-a4cd-9f91a13719cd] [T:2020-12-17 22:47:17.760610] [U:email@hello.com] [A:_commands]
[E:d14616ff-99c6-482f-b2c7-b0a50d71ec52] [T:2020-12-17 22:47:21.140143] [U:email@hello.com] [A:file_transfer._upload_folder custom_ct_spleen UEsDBBQAAAAAAMYgglEAAAAAAAAAAAAAAAAWAAAAY3VzdG9tX2N0X3]
[E:b452692f-79f6-4039-890d-c3bbfcf1d928] [T:2020-12-17 22:47:21.145023] [U:email@hello.com] [A:set_run_number 1]
[E:3af1fa62-f201-40ef-9320-ec235e48b30e] [T:2020-12-17 22:47:21.148934] [U:email@hello.com] [A:deploy custom_ct_spleen server]
[E:b447c15b-1506-484b-93d1-0f84e4762053] [T:2020-12-17 22:47:21.187377] [U:email@hello.com] [A:deploy custom_ct_spleen client]
[E:c8f32a8f-1c29-41ef-bc61-6fb49766f6b2] [T:2020-12-17 22:47:21.795944] [U:email@hello.com] [A:start server]
[E:6cc550af-5267-4f48-9498-785a83e988a5] [T:2020-12-17 22:47:27.005279] [U:email@hello.com] [A:start client]
[E:472afa45-36fe-46e8-951e-5e14dc5eef8b] [T:2020-12-17 22:55:14.053248] [U:?] [A:_cert_login email@hello.com]
[E:59f12f74-6d26-4ef4-a9c9-2bcb88ac48e5] [T:2020-12-17 22:55:14.056091] [U:email@hello.com] [A:_commands]
[E:aeb25460-d13f-44d4-9ba6-4233b0657882] [T:2020-12-17 22:55:16.713093] [U:email@hello.com] [A:file_transfer._upload_folder custom_ct_spleen UEsDBBQAAAAAAMYgglEAAAAAAAAAAAAAAAAWAAAAY3VzdG9tX2N0X3]
[E:8eb353f0-e192-46c5-95f8-31043191ffbc] [T:2020-12-17 22:55:16.717957] [U:email@hello.com] [A:set_run_number 1]
[E:c2ddb35b-71fa-495b-8178-1bd53bf21c2e] [T:2020-12-17 22:55:16.722262] [U:email@hello.com] [A:deploy custom_ct_spleen server]
[E:d91177d3-6c1e-4312-a3d5-c925f9441c4b] [T:2020-12-17 22:55:16.761487] [U:email@hello.com] [A:deploy custom_ct_spleen client]
[E:fd4703a2-d955-4cbb-8f67-96a35a143acc] [T:2020-12-17 22:55:17.269561] [U:email@hello.com] [A:start server]
[E:8517e83b-897c-45d0-aac3-63ce8fe2886d] [T:2020-12-17 22:55:20.742517] [U:email@hello.com] [A:start client]
[E:7083cb63-0977-4126-bb3f-6bbee1b7eda2] [T:2020-12-17 22:59:31.758980] [U:?] [A:_cert_login email@hello.com]
[E:2e2cea54-3c25-4ae6-8e7d-7940477ea081] [T:2020-12-17 22:59:31.763747] [U:email@hello.com] [A:_commands]
[E:957a8183-a748-4a4c-965e-74877dc7b4bb] [T:2020-12-17 22:59:36.368073] [U:email@hello.com] [A:file_transfer._upload_folder custom_ct_spleen UEsDBBQAAAAAAMYgglEAAAAAAAAAAAAAAAAWAAAAY3VzdG9tX2N0X3]
[E:b7911181-b8cb-4677-a09d-50385e113b1c] [T:2020-12-17 22:59:36.373109] [U:email@hello.com] [A:set_run_number 1]
[E:cfa3e244-04a8-45d0-8588-5543b82d0472] [T:2020-12-17 22:59:36.377317] [U:email@hello.com] [A:deploy custom_ct_spleen server]
[E:8b62c94a-984d-47db-abac-686801e58b89] [T:2020-12-17 22:59:36.382994] [U:email@hello.com] [A:deploy custom_ct_spleen client]
[E:35e5cbe4-3605-4aad-9349-13281edfd00f] [T:2020-12-17 22:59:36.890507] [U:email@hello.com] [A:start server]
[E:f8e7fbf4-a96e-40cd-9b8c-6490464b8e6d] [T:2020-12-17 22:59:39.437238] [U:email@hello.com] [A:start client]
[E:629498ab-9589-48a8-ab14-e2e1e0d82aec] [T:2020-12-17 23:40:12.081975] [U:?] [A:_cert_login email@hello.com]
[E:7d721627-5218-45df-8a6f-01993fab2c7e] [T:2020-12-17 23:40:12.084893] [U:email@hello.com] [A:_commands]
[E:bdf9ffc3-d153-4892-9137-7562421c7ba8] [T:2020-12-17 23:40:15.368470] [U:email@hello.com] [A:file_transfer._upload_folder custom_ct_spleen UEsDBBQAAAAAAMYgglEAAAAAAAAAAAAAAAAWAAAAY3VzdG9tX2N0X3]
[E:be526883-e574-49dd-8803-77bf20597670] [T:2020-12-17 23:40:15.373393] [U:email@hello.com] [A:set_run_number 1]
[E:a7dd9671-348a-4e3e-a4a8-75305b2f8d8d] [T:2020-12-17 23:40:15.377704] [U:email@hello.com] [A:deploy custom_ct_spleen server]
[E:36a24f78-98a3-424c-83da-b56a005d72e6] [T:2020-12-17 23:40:15.417551] [U:email@hello.com] [A:deploy custom_ct_spleen client]
[E:bfdb7146-e632-4dfe-a8f0-08cf44823238] [T:2020-12-17 23:40:15.929412] [U:email@hello.com] [A:start server]
[E:9a379e54-e60b-48ae-a846-127f67f4fba2] [T:2020-12-17 23:40:30.753439] [U:email@hello.com] [A:start client]
[E:4089d80a-e267-48dd-8209-7d2e1e1991ce] [T:2020-12-23 00:22:34.517493] [U:?] [A:_cert_login email@hello.com]
[E:c0a8b2b2-5a23-4376-b0ad-579d2db49d0e] [T:2020-12-23 00:22:34.520461] [U:email@hello.com] [A:_commands]
[E:829cc8f3-ed5a-4ff6-bc46-3434f2eecf12] [T:2020-12-23 00:22:39.686579] [U:email@hello.com] [A:check_status client]
[E:c1a1fce9-b875-4836-ba5f-a571b877ec7b] [T:2020-12-23 00:23:00.385921] [U:email@hello.com] [A:file_transfer._upload_folder custom_ct_spleen UEsDBBQAAAAAAMYgglEAAAAAAAAAAAAAAAAWAAAAY3VzdG9tX2N0X3]
[E:6468adec-31cb-4392-9686-43c0195c6626] [T:2020-12-23 00:23:02.536139] [U:email@hello.com] [A:set_run_number 1]
[E:79fcfdb4-af1e-4e50-8ff1-aaef44d932aa] [T:2020-12-23 00:23:05.330401] [U:email@hello.com] [A:deploy custom_ct_spleen server]
[E:0df959e5-76ff-4cb5-810c-ce04fa97d4d5] [T:2020-12-23 00:23:07.514248] [U:email@hello.com] [A:deploy custom_ct_spleen client]
[E:b01f6969-bf92-4024-8aca-90b8ce03eebe] [T:2020-12-23 00:23:08.541883] [U:email@hello.com] [A:start server]
[E:15c882a8-5e94-4a1b-ad1f-4cc15a29b392] [T:2020-12-23 00:23:09.463216] [U:email@hello.com] [A:start client]
[E:9234a6cf-fa2e-432c-9b86-993541c00e41] [T:2020-12-23 00:36:46.235804] [U:?] [A:_cert_login email@hello.com]
[E:daaab4ef-9c4b-4ec5-9233-1afafb4eb830] [T:2020-12-23 00:36:46.238697] [U:email@hello.com] [A:_commands]
[E:6f5672ea-655b-4aee-a127-8b56b9954030] [T:2020-12-23 00:48:51.665665] [U:email@hello.com] [A:file_transfer._upload_folder custom_ct_spleen UEsDBBQAAAAAAMYgglEAAAAAAAAAAAAAAAAWAAAAY3VzdG9tX2N0X3]
[E:dc0a9855-5ce2-4e08-ad41-686e742092d3] [T:2020-12-23 00:48:55.242410] [U:email@hello.com] [A:set_run_number 1]
[E:6564a301-27e2-4db8-8156-89e6ee8386d7] [T:2020-12-23 00:48:58.249134] [U:email@hello.com] [A:deploy custom_ct_spleen server]
[E:cfb2fb1f-84a1-43b0-8176-8722617e3c5a] [T:2020-12-23 00:49:01.390126] [U:email@hello.com] [A:deploy custom_ct_spleen client]
[E:54ff40af-120d-4682-9af6-d4f5a4040871] [T:2020-12-23 00:49:02.499625] [U:email@hello.com] [A:start server]
[E:21fb99bd-2726-4aea-8291-b00324250490] [T:2020-12-23 00:49:03.541085] [U:email@hello.com] [A:start client]
[E:0cb7a32f-bcf3-4b8a-a34e-2418aad6e71c] [T:2020-12-23 04:21:05.179647] [U:?] [A:_cert_login email@hello.com]
[E:b7a3e180-5451-40ed-9a84-340d9a06312d] [T:2020-12-23 04:21:05.182626] [U:email@hello.com] [A:_commands]
[E:60d12bd4-9131-496c-a4d7-07da5f74dc5d] [T:2020-12-23 04:21:10.844167] [U:email@hello.com] [A:file_transfer._upload_folder custom_ct_spleen UEsDBBQAAAAAAMYgglEAAAAAAAAAAAAAAAAWAAAAY3VzdG9tX2N0X3]
[E:d14c0089-10aa-4e91-80ab-026e722edb8c] [T:2020-12-23 04:21:12.626089] [U:email@hello.com] [A:set_run_number 1]
[E:c322478a-0c46-46a2-868c-265bd8656b92] [T:2020-12-23 04:21:16.000476] [U:email@hello.com] [A:deploy custom_ct_spleen server]
[E:539d6416-3bd6-400b-aec9-063076f11687] [T:2020-12-23 04:21:17.878015] [U:email@hello.com] [A:deploy custom_ct_spleen client]
[E:bc3b8263-8d88-4775-8d50-71730ddcd089] [T:2020-12-23 04:21:19.015709] [U:email@hello.com] [A:start server]
[E:9a1dd826-5f43-4dc6-a689-2ca8a182ca2c] [T:2020-12-23 04:21:19.976839] [U:email@hello.com] [A:start client]
[E:8ce2550a-d2cb-4002-ac4a-983f5767898d] [T:2020-12-23 04:51:26.331392] [U:?] [A:_cert_login email@hello.com]
[E:66f5e734-fda9-4ff8-8580-26301fa1b1e8] [T:2020-12-23 04:51:26.338915] [U:email@hello.com] [A:_commands]
[E:1b399f68-ec7f-48fb-be57-e817af4098fd] [T:2020-12-23 04:51:29.475159] [U:email@hello.com] [A:file_transfer._upload_folder custom_ct_spleen UEsDBBQAAAAAAMYgglEAAAAAAAAAAAAAAAAWAAAAY3VzdG9tX2N0X3]
[E:3e8f5295-53cd-4f5f-b5b6-e58569011db9] [T:2020-12-23 04:51:31.383913] [U:email@hello.com] [A:set_run_number 1]
[E:2d5834ae-3f1c-4d12-b214-a34e9a1a9356] [T:2020-12-23 04:51:34.422051] [U:email@hello.com] [A:deploy custom_ct_spleen server]
[E:00b71503-471a-46cd-9881-5ee4599c4717] [T:2020-12-23 04:51:36.081226] [U:email@hello.com] [A:deploy custom_ct_spleen client]
[E:fe6f6573-8eae-4331-936d-605c2001d577] [T:2020-12-23 04:51:37.146326] [U:email@hello.com] [A:start server]
[E:b6c373bd-b05d-4b40-84ca-e74f0b02900c] [T:2020-12-23 04:51:38.129317] [U:email@hello.com] [A:start client]
[E:60785f25-127f-440b-a96a-ef0de81f25f0] [T:2020-12-23 04:58:40.129772] [U:email@hello.com] [A:check_status client]
[E:299f724b-d9cf-4ced-81fc-687300fb8baf] [T:2020-12-23 05:00:55.194602] [U:?] [A:_cert_login email@hello.com]
[E:5cbe2595-61a3-46df-a514-142c78928723] [T:2020-12-23 05:00:55.197526] [U:email@hello.com] [A:_commands]
[E:0567ee70-8c58-41c5-b202-7c4e4ea7a8bc] [T:2020-12-23 05:00:58.453725] [U:email@hello.com] [A:file_transfer._upload_folder custom_ct_spleen UEsDBBQAAAAAAMYgglEAAAAAAAAAAAAAAAAWAAAAY3VzdG9tX2N0X3]
[E:12fd2d70-36b3-4f68-9525-a59e772b7a18] [T:2020-12-23 05:01:00.309943] [U:email@hello.com] [A:set_run_number 1]
[E:b46e68bb-00ba-45d2-aa3a-588c72ea412b] [T:2020-12-23 05:01:05.548336] [U:email@hello.com] [A:deploy custom_ct_spleen server]
[E:853ce8d3-c04c-4cde-b2c6-de6ed9e14203] [T:2020-12-23 05:01:08.661260] [U:email@hello.com] [A:deploy custom_ct_spleen client]
[E:139e6619-a230-4c66-9bdf-24645820339b] [T:2020-12-23 05:01:09.741102] [U:email@hello.com] [A:start server]
[E:219e411b-2746-4382-9b78-fd7522b8e3bb] [T:2020-12-23 05:01:10.735883] [U:email@hello.com] [A:start client]
[E:7fda2c47-3d87-4ee6-862a-539dcec00d57] [T:2020-12-23 05:11:59.661313] [U:?] [A:_cert_login email@hello.com]
[E:09fe1830-48e2-43d2-8f30-e592f9e712a2] [T:2020-12-23 05:11:59.664664] [U:email@hello.com] [A:_commands]
[E:2f68f9aa-71be-4110-a8f4-9006f9923619] [T:2020-12-23 05:12:03.526876] [U:email@hello.com] [A:file_transfer._upload_folder custom_ct_spleen UEsDBBQAAAAAAMYgglEAAAAAAAAAAAAAAAAWAAAAY3VzdG9tX2N0X3]
[E:013fc16e-1db6-4eed-a9e6-f66c76f87258] [T:2020-12-23 05:12:05.378842] [U:email@hello.com] [A:set_run_number 1]
[E:4cbb846d-c12e-48f4-995c-531d9ae700c9] [T:2020-12-23 05:12:08.458655] [U:email@hello.com] [A:deploy custom_ct_spleen server]
[E:af6faffe-7863-462e-9e9a-6c32738f176e] [T:2020-12-23 05:12:10.199791] [U:email@hello.com] [A:deploy custom_ct_spleen client]
[E:eacec417-6b77-4cc7-94db-406a934ea77c] [T:2020-12-23 05:12:11.292468] [U:email@hello.com] [A:start server]
[E:add3c1fc-d0f2-4057-939c-46f15b0ffd2f] [T:2020-12-23 05:12:12.433333] [U:email@hello.com] [A:start client]
[E:ac13c8a0-1254-4f6a-b489-db91bf0ec125] [T:2020-12-23 05:22:01.291825] [U:email@hello.com] [A:check_status server]
[E:aed4a242-0d20-4a8c-acdb-85e9d6ea6ffc] [T:2020-12-23 05:22:04.042599] [U:email@hello.com] [A:check_status client]
[E:0caff305-cc8a-4d67-8021-57d14b3c56bd] [T:2020-12-23 05:22:42.017835] [U:?] [A:_cert_login upload_folder custom_ct_spleen]
[E:c472e9ec-4a1d-47dd-bade-4fe9e89f5daf] [T:2020-12-23 05:22:46.391323] [U:?] [A:_cert_login email@hello.com]
[E:3e5b3578-f37e-434b-9690-801c51674d99] [T:2020-12-23 05:22:46.396395] [U:email@hello.com] [A:_commands]
[E:c24836e0-5636-4bc0-8bac-63018ab70283] [T:2020-12-23 05:22:49.714215] [U:email@hello.com] [A:file_transfer._upload_folder custom_ct_spleen UEsDBBQAAAAAAMYgglEAAAAAAAAAAAAAAAAWAAAAY3VzdG9tX2N0X3]
[E:fa6ed6f4-f713-4a68-bf83-51072aa02860] [T:2020-12-23 05:22:51.744339] [U:email@hello.com] [A:set_run_number 1]
[E:6c5d9b07-0021-4387-b113-0ad4bb1f79f5] [T:2020-12-23 05:22:54.727180] [U:email@hello.com] [A:deploy custom_ct_spleen server]
[E:f84b6ffd-ac64-49f8-9291-d64dc2882426] [T:2020-12-23 05:22:56.401712] [U:email@hello.com] [A:deploy custom_ct_spleen client]
[E:ae105bd9-e1f6-45ce-8e40-f28d88b9a633] [T:2020-12-23 05:22:57.468780] [U:email@hello.com] [A:start server]
[E:9dab2241-5962-4ae6-a23e-c4697f4c1785] [T:2020-12-23 05:22:58.445830] [U:email@hello.com] [A:start client]
[E:5c06f5fd-2b01-4f18-9a37-cf7b0c3d5cf9] [T:2020-12-23 05:28:40.040681] [U:?] [A:_cert_login email@hello.com]
[E:208aaea2-4d1a-420a-9409-f1faefb4d707] [T:2020-12-23 05:28:40.043528] [U:email@hello.com] [A:_commands]
[E:6a0ffd35-346e-4560-9ba1-9e9b026aa49f] [T:2020-12-23 05:28:43.470379] [U:email@hello.com] [A:file_transfer._upload_folder custom_ct_spleen UEsDBBQAAAAAAMYgglEAAAAAAAAAAAAAAAAWAAAAY3VzdG9tX2N0X3]
[E:0c36bac0-e3ce-4fd9-a927-64a2214f6d14] [T:2020-12-23 05:28:45.436737] [U:email@hello.com] [A:set_run_number 1]
[E:45af3908-6251-4a23-9a79-0b4755068acc] [T:2020-12-23 05:28:50.211048] [U:email@hello.com] [A:deploy custom_ct_spleen server]
[E:161920d6-c8ad-4301-a870-4712be502ad0] [T:2020-12-23 05:28:52.094056] [U:email@hello.com] [A:deploy custom_ct_spleen client]
[E:88022bd2-1fb3-4cf8-83d4-c6c87a805b0f] [T:2020-12-23 05:28:53.181155] [U:email@hello.com] [A:start server]
[E:64dd1995-f833-4879-9c3f-817a08f36224] [T:2020-12-23 05:28:54.179095] [U:email@hello.com] [A:start client]
[E:9b30c7ef-2112-46b9-982e-cb8268eede52] [T:2020-12-23 05:34:52.707924] [U:email@hello.com] [A:check_status server]
[E:91786512-daff-4f4a-9ecd-658a56e58498] [T:2020-12-23 05:40:27.702478] [U:?] [A:_cert_login email@hello.com]
[E:f73f684e-4c2c-4c20-8895-d398dff69c12] [T:2020-12-23 05:40:27.710242] [U:email@hello.com] [A:_commands]
[E:696c571b-ae61-4e45-96ed-9d795ccbaa3a] [T:2020-12-23 05:40:33.449152] [U:email@hello.com] [A:check_status client]
[E:ce3466a3-f83c-48b0-a6f5-adafe6df089e] [T:2020-12-23 05:40:38.924783] [U:email@hello.com] [A:file_transfer._upload_folder custom_ct_spleen UEsDBBQAAAAAAMYgglEAAAAAAAAAAAAAAAAWAAAAY3VzdG9tX2N0X3]
[E:968bf86d-ad36-4c0b-9144-ee781c85eca6] [T:2020-12-23 05:40:40.817076] [U:email@hello.com] [A:set_run_number 1]
[E:5eea7302-2b72-4a23-a83b-594c0cd70d50] [T:2020-12-23 05:40:43.815570] [U:email@hello.com] [A:deploy custom_ct_spleen server]
[E:bffd0bb7-f440-4e7b-844a-2dbf81262d2a] [T:2020-12-23 05:40:45.548435] [U:email@hello.com] [A:deploy custom_ct_spleen client]
[E:5322b132-85e1-43f9-ad24-762157329678] [T:2020-12-23 05:40:46.602331] [U:email@hello.com] [A:start server]
[E:ebcfff40-4c41-4cfb-af38-e3b4cbe04f77] [T:2020-12-23 05:40:47.728319] [U:email@hello.com] [A:start client]
[E:166e6b23-0352-4cf8-9cf2-2d76f1eabd40] [T:2020-12-23 05:44:50.949399] [U:email@hello.com] [A:check_status client]
[E:e79f21e4-32fe-4f22-8e98-2852a037011c] [T:2020-12-23 05:44:56.538880] [U:email@hello.com] [A:check_status server]
[E:f23885e7-3b16-431a-adf6-7a7cfa10198f] [T:2020-12-23 05:50:37.798971] [U:email@hello.com] [A:check_status server]
[E:69a343eb-7ad9-4c01-a26a-1f0cb0d545ce] [T:2020-12-23 05:50:41.321359] [U:email@hello.com] [A:check_status client]
[E:8e533c99-efb6-465c-b3a5-1b9d159ef0e7] [T:2020-12-23 05:56:24.045849] [U:?] [A:_cert_login email@hello.com]
[E:a0fa8d9b-5d8e-4bd0-a9be-f53c36ac101f] [T:2020-12-23 05:56:24.054789] [U:email@hello.com] [A:_commands]
[E:5cb86c02-1396-41c2-9fef-e993f7827f80] [T:2020-12-23 05:56:27.934145] [U:email@hello.com] [A:file_transfer._upload_folder custom_ct_spleen UEsDBBQAAAAAAMYgglEAAAAAAAAAAAAAAAAWAAAAY3VzdG9tX2N0X3]
[E:88123afe-532a-4016-8f26-5a39250e5a99] [T:2020-12-23 05:56:29.918604] [U:email@hello.com] [A:set_run_number 1]
[E:ee9f024b-91fa-4882-91ff-380b47c9442b] [T:2020-12-23 05:56:33.016069] [U:email@hello.com] [A:deploy custom_ct_spleen server]
[E:b75d038d-71a4-4228-bffd-0ac5709da483] [T:2020-12-23 05:56:34.806907] [U:email@hello.com] [A:deploy custom_ct_spleen client]
[E:59883463-088b-4bde-890c-4501c527fce9] [T:2020-12-23 05:56:35.936790] [U:email@hello.com] [A:start server]
[E:54ecfb67-c386-4924-9523-490f7bd75c2e] [T:2020-12-23 05:56:37.210573] [U:email@hello.com] [A:start client]
[E:b2f4b842-43de-410a-8e18-13c5e1bc0a91] [T:2020-12-23 06:04:36.542535] [U:email@hello.com] [A:check_status client]
[E:027ad03a-40a8-432f-89b3-6f0180cd3249] [T:2020-12-23 06:07:44.229872] [U:email@hello.com] [A:check_status server]
[E:26bd1433-1513-469d-bbed-ce1054b7191c] [T:2020-12-23 06:07:49.354602] [U:email@hello.com] [A:check_status client]
[E:03cf59e4-f124-45f5-8609-5fd170980b15] [T:2020-12-23 06:12:14.901122] [U:?] [A:_cert_login email@hello.com]
[E:6fcd2243-f30c-421f-98de-2ad87c76fb7c] [T:2020-12-23 06:12:14.910212] [U:email@hello.com] [A:_commands]
[E:e803f4d8-00c1-4b34-a3ce-3fcde3ef955a] [T:2020-12-23 06:12:18.185683] [U:email@hello.com] [A:file_transfer._upload_folder custom_ct_spleen UEsDBBQAAAAAAMYgglEAAAAAAAAAAAAAAAAWAAAAY3VzdG9tX2N0X3]
[E:1deb23a4-d7ae-4b38-8495-35007340e36a] [T:2020-12-23 06:12:20.114508] [U:email@hello.com] [A:set_run_number 1]
[E:d3a93eb5-95cd-4775-a3b6-d599e64e5b5b] [T:2020-12-23 06:12:23.243665] [U:email@hello.com] [A:deploy custom_ct_spleen server]
[E:96c89d84-ab63-40c3-b21a-d14286fd120e] [T:2020-12-23 06:12:25.406866] [U:email@hello.com] [A:deploy custom_ct_spleen client]
[E:2d7ad1eb-6cd5-44f4-9758-6cd379bd5701] [T:2020-12-23 06:12:26.568564] [U:email@hello.com] [A:start server]
[E:fca74f3e-5071-4fc6-9cb6-93d4b4005bc4] [T:2020-12-23 06:12:27.712540] [U:email@hello.com] [A:start client]
[E:f88d3662-a564-477c-9809-dc7aed301d81] [T:2020-12-23 06:44:17.159146] [U:?] [A:_cert_login email@hello.com]
[E:0b92acd5-636b-446f-ab13-5c38b4b2eeab] [T:2020-12-23 06:44:17.162844] [U:email@hello.com] [A:_commands]
[E:9815c28b-f5c7-4b2c-a20d-96d009dbf583] [T:2020-12-23 06:44:20.752086] [U:email@hello.com] [A:file_transfer._upload_folder custom_ct_spleen UEsDBBQAAAAAAMYgglEAAAAAAAAAAAAAAAAWAAAAY3VzdG9tX2N0X3]
[E:b8a3f31b-bb19-4e9b-a7d9-71d7c3cf5d3b] [T:2020-12-23 06:44:22.684414] [U:email@hello.com] [A:set_run_number 1]
[E:1b6519ee-7f37-4516-97d9-94c6af39dd16] [T:2020-12-23 06:44:25.711925] [U:email@hello.com] [A:deploy custom_ct_spleen server]
[E:31ad1ba4-dd3c-4c5e-91e5-6bfc1ccbf814] [T:2020-12-23 06:44:28.241482] [U:email@hello.com] [A:deploy custom_ct_spleen client]
[E:0439e0f4-d513-4f45-9210-940b0b10b114] [T:2020-12-23 06:44:29.446867] [U:email@hello.com] [A:start server]
[E:2cbe9d6a-186e-4ce4-a65e-c240e07ad5fb] [T:2020-12-23 06:44:30.615003] [U:email@hello.com] [A:start client]
[E:3c53207b-7492-4c76-bb81-e52a3001e388] [T:2020-12-23 06:46:41.580097] [U:?] [A:_cert_login email@hello.com]
[E:de19286a-d145-4afc-a85f-cdbf94f709e3] [T:2020-12-23 06:46:41.582925] [U:email@hello.com] [A:_commands]
[E:bbd0f154-af97-472b-a7a3-a5dee853262d] [T:2020-12-23 06:46:45.033380] [U:email@hello.com] [A:file_transfer._upload_folder custom_ct_spleen UEsDBBQAAAAAAMYgglEAAAAAAAAAAAAAAAAWAAAAY3VzdG9tX2N0X3]
[E:b2384ec8-a7b6-4ff5-96ad-8b2020d20b3f] [T:2020-12-23 06:46:46.871027] [U:email@hello.com] [A:set_run_number 1]
[E:6079609e-e878-49e2-bc06-603a2ef32e40] [T:2020-12-23 06:46:49.813194] [U:email@hello.com] [A:deploy custom_ct_spleen server]
[E:eacbc49c-afd7-40ef-b447-5c4ae0f86410] [T:2020-12-23 06:46:51.971424] [U:email@hello.com] [A:deploy custom_ct_spleen client]
[E:4afc6648-950e-47cd-b588-aeb3acb77e59] [T:2020-12-23 06:46:53.060246] [U:email@hello.com] [A:start server]
[E:1d2d4b29-d93a-4737-8e8b-abdbb7c7e43c] [T:2020-12-23 06:46:54.061110] [U:email@hello.com] [A:start client]
[E:ad52a307-73c8-4484-8513-83fb663aee7d] [T:2020-12-23 23:27:05.872937] [U:?] [A:_cert_login email@hello.com]
[E:1ced4e78-1bd9-4542-8389-921d71cc624d] [T:2020-12-23 23:27:05.880311] [U:email@hello.com] [A:_commands]
[E:f58e482b-325d-4bcf-bbf4-0baf6673073d] [T:2020-12-23 23:27:09.689743] [U:email@hello.com] [A:file_transfer._upload_folder custom_ct_spleen UEsDBBQAAAAAAMYgglEAAAAAAAAAAAAAAAAWAAAAY3VzdG9tX2N0X3]
[E:6b551470-8af5-4b6d-9953-44070f9f1dce] [T:2020-12-23 23:27:11.407007] [U:email@hello.com] [A:set_run_number 1]
[E:7e11886d-108b-480e-a728-6e10a1315374] [T:2020-12-23 23:27:14.491551] [U:email@hello.com] [A:deploy custom_ct_spleen server]
[E:fc6682e8-7d2a-428f-96de-6a57c006dcc9] [T:2020-12-23 23:27:17.604796] [U:email@hello.com] [A:deploy custom_ct_spleen client]
[E:e9cf23a0-c965-41bc-89d5-71da4d94067b] [T:2020-12-23 23:27:18.651379] [U:email@hello.com] [A:start server]
[E:7a880ea5-ce2e-4f21-a998-94ddd3223dc7] [T:2020-12-23 23:27:19.780391] [U:email@hello.com] [A:start client]
[E:927aefe6-25e0-4e40-a821-630675448d15] [T:2020-12-23 23:28:08.463223] [U:email@hello.com] [A:file_transfer._upload_folder custom_ct_spleen UEsDBBQAAAAAAMYgglEAAAAAAAAAAAAAAAAWAAAAY3VzdG9tX2N0X3]
[E:c5f2758f-723e-4924-b2e5-572d51662953] [T:2020-12-23 23:28:10.456178] [U:email@hello.com] [A:set_run_number 1]
[E:6608da8a-7113-49a2-889f-a66a2a6615e2] [T:2020-12-23 23:28:12.621411] [U:email@hello.com] [A:deploy custom_ct_spleen server]
[E:ca2d9934-2065-47c0-ad80-002a013c6632] [T:2020-12-23 23:28:14.445934] [U:email@hello.com] [A:deploy custom_ct_spleen client]
[E:584b2511-b514-4203-ae51-c28e94fd7eeb] [T:2020-12-23 23:28:20.501268] [U:email@hello.com] [A:start server]
[E:5a7f78a0-0d7e-4a3f-97c3-78fdb32c9e67] [T:2020-12-23 23:28:24.134590] [U:email@hello.com] [A:start client]
[E:c9efd43e-9492-4ac6-ba1f-89de541b0e66] [T:2020-12-23 23:31:10.350732] [U:email@hello.com] [A:file_transfer._upload_folder custom_ct_spleen UEsDBBQAAAAAAMYgglEAAAAAAAAAAAAAAAAWAAAAY3VzdG9tX2N0X3]
[E:93927a2d-039f-460b-92f9-7870259d4595] [T:2020-12-23 23:31:12.131197] [U:email@hello.com] [A:set_run_number 1]
[E:e8b95234-4c7f-4dfa-8997-b06c73d06bd6] [T:2020-12-23 23:31:14.071826] [U:email@hello.com] [A:deploy custom_ct_spleen server]
[E:32abb6f3-a79e-4137-8a3d-bf7d6d159fe9] [T:2020-12-23 23:31:16.091477] [U:email@hello.com] [A:deploy custom_ct_spleen client]
[E:3e79842c-59b3-4e13-80bf-c5fc750add77] [T:2020-12-23 23:31:19.283105] [U:email@hello.com] [A:start server]
[E:ca2c1b17-59aa-40d2-a70b-c57fb15caf0c] [T:2020-12-23 23:31:22.703131] [U:email@hello.com] [A:start client]
[E:c85aa5cf-5cd9-4843-aaad-23c4bbd1a36f] [T:2020-12-23 23:51:24.343696] [U:?] [A:_cert_login email@hello.com]
[E:b7385505-0753-459e-8810-6a824ab23977] [T:2020-12-23 23:51:24.346734] [U:email@hello.com] [A:_commands]
[E:9909e3d1-dc6f-4627-8c3a-be7d2205d734] [T:2020-12-23 23:51:27.499261] [U:email@hello.com] [A:file_transfer._upload_folder custom_ct_spleen UEsDBBQAAAAAAMYgglEAAAAAAAAAAAAAAAAWAAAAY3VzdG9tX2N0X3]
[E:47e52ba5-cd49-466e-a062-e5ea1dfb9e4d] [T:2020-12-23 23:51:30.365771] [U:email@hello.com] [A:set_run_number 1]
[E:61fa1977-fe2b-40e7-bb7c-2dccbe17eb12] [T:2020-12-23 23:51:33.342957] [U:email@hello.com] [A:deploy custom_ct_spleen server]
[E:a6b2b767-0439-4ccd-91d7-75c899488cb1] [T:2020-12-23 23:51:35.545000] [U:email@hello.com] [A:deploy custom_ct_spleen client]
[E:8144f041-cd5c-4321-9364-771613c311db] [T:2020-12-23 23:51:36.833409] [U:email@hello.com] [A:start server]
[E:d028f344-ad7e-40da-8a84-54f5e52948ad] [T:2020-12-23 23:51:37.898724] [U:email@hello.com] [A:start client]
[E:c178d947-321d-46aa-8cf5-9eab57c42ae1] [T:2020-12-24 00:07:58.745032] [U:email@hello.com] [A:check_status server]
[E:2c935c43-9f25-4baa-a641-91bc47e224c5] [T:2020-12-24 00:30:59.010745] [U:email@hello.com] [A:check_status server]
[E:979fc118-dc19-419a-8e80-2589752c16cf] [T:2020-12-24 00:36:17.748376] [U:?] [A:_cert_login email@hello.com]
[E:225ce660-68a6-4cb0-b92c-bfdefbc7dfbc] [T:2020-12-24 00:36:17.755699] [U:email@hello.com] [A:_commands]
[E:3fc300ab-275d-4b98-aa45-693583a6aeec] [T:2020-12-24 00:36:19.287866] [U:email@hello.com] [A:check_status client]
[E:d311b5fb-87ff-456b-8406-f8c05cbdc5fb] [T:2020-12-24 00:36:21.164797] [U:email@hello.com] [A:check_status clients]
[E:647dedda-1bc2-4f2e-87f1-58cf2e699ae1] [T:2020-12-24 00:36:23.133099] [U:email@hello.com] [A:check_status client]
[E:e4d19e34-2032-4989-89a8-6615b502db38] [T:2020-12-24 00:36:49.284044] [U:email@hello.com] [A:check_status client]
[E:e78c6709-7fc5-47e3-a8e0-a508a3a7335a] [T:2020-12-24 00:36:53.708922] [U:email@hello.com] [A:check_status client]
[E:b3fbe056-46f2-44bb-86c1-541b277479da] [T:2020-12-24 00:36:58.841409] [U:email@hello.com] [A:check_status client]
[E:da8f758d-25d5-4346-b46d-2c1a816ac700] [T:2020-12-24 00:37:06.265431] [U:email@hello.com] [A:file_transfer._upload_folder custom_ct_spleen UEsDBBQAAAAAAMYgglEAAAAAAAAAAAAAAAAWAAAAY3VzdG9tX2N0X3]
[E:9d29f5d0-97c8-4d65-99f0-e3e5b88da3e1] [T:2020-12-24 00:37:08.044368] [U:email@hello.com] [A:set_run_number 2]
[E:985efe01-edfa-4ef9-9ede-464364d52b31] [T:2020-12-24 00:37:12.304989] [U:email@hello.com] [A:deploy custom_ct_spleen server]
[E:46c86d35-1f7b-443a-87bf-532eec9cbcda] [T:2020-12-24 00:37:13.974878] [U:email@hello.com] [A:deploy custom_ct_spleen client]
[E:7f7a01dd-f453-4821-a3b0-11c9ca8e50f9] [T:2020-12-24 00:37:14.949100] [U:email@hello.com] [A:start server]
[E:c2264c17-f798-4ca1-ba34-4c0994946821] [T:2020-12-24 00:37:15.848346] [U:email@hello.com] [A:start client]
[E:7cacc835-8f87-4cc2-9685-1e018870c2cd] [T:2020-12-24 01:09:56.947889] [U:?] [A:_cert_login email@hello.com]
[E:a52b1c8b-406e-4ce6-9199-c9b2edb174ca] [T:2020-12-24 01:09:56.951405] [U:email@hello.com] [A:_commands]
[E:55acd0b8-1335-4d1a-8876-4e0cad48972a] [T:2020-12-24 01:10:00.256815] [U:email@hello.com] [A:file_transfer._upload_folder custom_ct_spleen UEsDBBQAAAAAAMYgglEAAAAAAAAAAAAAAAAWAAAAY3VzdG9tX2N0X3]
[E:b570984d-25fb-40bc-83a8-66585d970130] [T:2020-12-24 01:10:02.117270] [U:email@hello.com] [A:set_run_number 3]
[E:c8060d5a-0f06-42ab-ae92-dfddcbc887fb] [T:2020-12-24 01:10:05.072221] [U:email@hello.com] [A:deploy custom_ct_spleen server]
[E:f2e5cb9c-7c9f-47f4-816c-6bcdae362555] [T:2020-12-24 01:10:06.765555] [U:email@hello.com] [A:deploy custom_ct_spleen client]
[E:588b7211-8c01-4b1c-8ece-ca3797acf1f7] [T:2020-12-24 01:10:07.748956] [U:email@hello.com] [A:start server]
[E:4325ea12-9b61-4fc8-9dd2-beb3819f632b] [T:2020-12-24 01:10:08.821935] [U:email@hello.com] [A:start client]
[E:dc48a74e-488e-4dbd-aed8-a8d715f954a7] [T:2020-12-24 01:14:14.942951] [U:email@hello.com] [A:check_status client]
[E:795de149-e5a2-4722-8f48-03e4da95d0f5] [T:2020-12-24 01:21:47.808217] [U:email@hello.com] [A:check_status server]
[E:f1bcf86b-99ef-4c86-b964-bcb552194d3c] [T:2020-12-24 01:23:27.650952] [U:?] [A:_cert_login email@hello.com]
[E:cc2749e0-e336-465d-9a5d-23ea9ed03fdd] [T:2020-12-24 01:23:27.653993] [U:email@hello.com] [A:_commands]
[E:c5236f61-497b-4688-9117-4b9769343792] [T:2020-12-24 01:23:30.925542] [U:email@hello.com] [A:file_transfer._upload_folder custom_ct_spleen UEsDBBQAAAAAAMYgglEAAAAAAAAAAAAAAAAWAAAAY3VzdG9tX2N0X3]
[E:ac4c9547-cb8d-4141-80b9-3248f049db45] [T:2020-12-24 01:23:32.691934] [U:email@hello.com] [A:set_run_number 3]
[E:555745b9-5b4c-4749-a3c6-41454b1a1c10] [T:2020-12-24 01:23:35.732043] [U:email@hello.com] [A:deploy custom_ct_spleen server]
[E:6d7c4330-f84d-4e02-b19f-75b0a4a0405b] [T:2020-12-24 01:23:37.486748] [U:email@hello.com] [A:deploy custom_ct_spleen client]
[E:951b8f95-13be-4838-98d9-07b8631ca2b7] [T:2020-12-24 01:23:38.518179] [U:email@hello.com] [A:start server]
[E:b2efc3c7-a1da-4e58-8f25-12ccf8d80ae4] [T:2020-12-24 01:23:39.528644] [U:email@hello.com] [A:start client]
[E:2d64bfe9-24ec-407e-b3d4-6ee718e02766] [T:2020-12-24 01:50:13.687689] [U:?] [A:_cert_login email@hello.com]
[E:da089182-a56b-4ad7-ac94-689b6ae80efe] [T:2020-12-24 01:50:13.690761] [U:email@hello.com] [A:_commands]
[E:df54b154-502e-4265-a367-fb2856a24e03] [T:2020-12-24 01:50:19.139481] [U:email@hello.com] [A:file_transfer._upload_folder custom_ct_spleen UEsDBBQAAAAAAMYgglEAAAAAAAAAAAAAAAAWAAAAY3VzdG9tX2N0X3]
[E:e99817c5-19c5-4251-9684-468e574ee3b7] [T:2020-12-24 01:50:20.843004] [U:email@hello.com] [A:set_run_number 9]
[E:1bae9e2e-4814-4997-b89e-f003df1b9b7b] [T:2020-12-24 01:50:23.823130] [U:email@hello.com] [A:deploy custom_ct_spleen server]
[E:5cb33dc9-1803-4254-9528-09331a0f42b9] [T:2020-12-24 01:50:25.724091] [U:email@hello.com] [A:deploy custom_ct_spleen client]
[E:988b35c2-0d8a-4f9e-bfb8-c77872564ee1] [T:2020-12-24 01:50:26.828031] [U:email@hello.com] [A:start server]
[E:851846be-2bb4-436e-a0b0-1d2af37f6f96] [T:2020-12-24 01:50:27.790213] [U:email@hello.com] [A:start client]
[E:004f3e36-4af0-492c-bf63-250b08a2e07f] [T:2020-12-24 01:55:31.553555] [U:?] [A:_cert_login email@hello.com]
[E:bcc959d7-6f60-4813-b3f6-1845fe487aba] [T:2020-12-24 01:55:31.556298] [U:email@hello.com] [A:_commands]
[E:8b3812b4-cda7-43dd-b4b3-f91ac776beb1] [T:2020-12-24 01:55:34.660209] [U:email@hello.com] [A:file_transfer._upload_folder custom_ct_spleen UEsDBBQAAAAAAMYgglEAAAAAAAAAAAAAAAAWAAAAY3VzdG9tX2N0X3]
[E:5bfc5528-8c0e-4f09-b1da-a31c2bf8f852] [T:2020-12-24 01:55:36.959046] [U:email@hello.com] [A:set_run_number 9]
[E:e6a50986-f95c-4a54-b57f-602f37245954] [T:2020-12-24 01:55:39.946796] [U:email@hello.com] [A:deploy custom_ct_spleen server]
[E:cbbf8bb1-912a-4dcf-96e7-d137e109d035] [T:2020-12-24 01:55:41.891928] [U:email@hello.com] [A:deploy custom_ct_spleen client]
[E:d315412d-9b92-4366-a48c-09d4f17ba0a5] [T:2020-12-24 01:55:42.933607] [U:email@hello.com] [A:start server]
[E:af106aed-8120-48d5-a8b0-4afbf276578b] [T:2020-12-24 01:55:43.945670] [U:email@hello.com] [A:start client]
[E:1125fbbd-bd69-4dc0-8428-dfbc75d5b0c5] [T:2020-12-24 03:12:48.424375] [U:?] [A:_cert_login email@hello.com]
[E:2e8d0cc5-49a3-42a9-8796-da59ee9490bb] [T:2020-12-24 03:12:48.427661] [U:email@hello.com] [A:_commands]
[E:651dcea9-4c5d-472d-9a4f-565ba8e8964f] [T:2020-12-24 03:12:51.758438] [U:email@hello.com] [A:file_transfer._upload_folder custom_ct_spleen UEsDBBQAAAAAAMYgglEAAAAAAAAAAAAAAAAWAAAAY3VzdG9tX2N0X3]
[E:be3ee1fd-b859-4637-9339-4e3cb0795277] [T:2020-12-24 03:12:54.331121] [U:email@hello.com] [A:set_run_number 10]
[E:f9433fe8-e34c-4723-8ce2-1b4fdab42f7d] [T:2020-12-24 03:12:57.437647] [U:email@hello.com] [A:deploy custom_ct_spleen server]
[E:42b6c683-792d-4fd3-b127-c079f064fda5] [T:2020-12-24 03:12:59.667684] [U:email@hello.com] [A:deploy custom_ct_spleen client]
[E:24d378b0-3e08-44e5-af4d-b0f29b69ab80] [T:2020-12-24 03:13:04.022729] [U:email@hello.com] [A:start server]
[E:fd2b2b3b-42e3-4be2-8a22-8818983a55d4] [T:2020-12-24 03:13:05.278604] [U:email@hello.com] [A:start client]
[E:caddae24-b346-4b0e-84f6-be578dd6a5ce] [T:2020-12-24 03:19:41.168767] [U:?] [A:_cert_login email@hello.com]
[E:0b867813-5879-47d1-8573-544382fb74a8] [T:2020-12-24 03:19:41.171704] [U:email@hello.com] [A:_commands]
[E:5d83406a-a1c4-4993-86ae-d78c6b5e8c96] [T:2020-12-24 03:19:44.632677] [U:email@hello.com] [A:file_transfer._upload_folder custom_ct_spleen UEsDBBQAAAAAAMYgglEAAAAAAAAAAAAAAAAWAAAAY3VzdG9tX2N0X3]
[E:191ea5b5-aa8b-4410-9863-68d4bc378611] [T:2020-12-24 03:19:47.261641] [U:email@hello.com] [A:set_run_number 10]
[E:8bd061da-f7b7-4b0c-9766-1374f1978111] [T:2020-12-24 03:19:50.938684] [U:email@hello.com] [A:deploy custom_ct_spleen server]
[E:bc9247fc-5f39-4840-abc5-45017be065c3] [T:2020-12-24 03:19:52.818278] [U:email@hello.com] [A:deploy custom_ct_spleen client]
[E:bc48a1b7-a2f4-45a8-b0fe-8932fbf7fc8a] [T:2020-12-24 03:19:53.900958] [U:email@hello.com] [A:start server]
[E:c04f0497-68ae-4e0e-9dc0-02adf4bdfe24] [T:2020-12-24 03:19:54.970837] [U:email@hello.com] [A:start client]
[E:0afca13a-eb06-44bf-b049-3d9b60f7e19e] [T:2020-12-24 03:33:01.819047] [U:?] [A:_cert_login email@hello.com]
[E:90ad5442-8a5a-4b5a-8e7d-0a95aa22d3db] [T:2020-12-24 03:33:01.826713] [U:email@hello.com] [A:_commands]
[E:673eb7bc-8fae-4ec5-b83b-4d5cd7d432b4] [T:2020-12-24 03:33:05.222865] [U:email@hello.com] [A:file_transfer._upload_folder custom_ct_spleen UEsDBBQAAAAAAMYgglEAAAAAAAAAAAAAAAAWAAAAY3VzdG9tX2N0X3]
[E:669be635-607b-452e-aeb3-4a8c05a907d8] [T:2020-12-24 03:33:07.696564] [U:email@hello.com] [A:set_run_number 10]
[E:7270d730-7780-4b7d-8d39-b6076aa44461] [T:2020-12-24 03:33:10.698905] [U:email@hello.com] [A:deploy custom_ct_spleen server]
[E:1bda9142-ded7-4f93-8d88-1cfdad5c34f5] [T:2020-12-24 03:33:12.711143] [U:email@hello.com] [A:deploy custom_ct_spleen client]
[E:5d9c0bdd-8268-4223-af93-8ddd060afb69] [T:2020-12-24 03:33:13.810132] [U:email@hello.com] [A:start server]
[E:095d6256-4635-49ed-b7f3-a0240dccdc21] [T:2020-12-24 03:33:14.841557] [U:email@hello.com] [A:start client]
[E:991a1263-d451-43ce-b87e-8443c739ccf7] [T:2020-12-24 03:51:01.654255] [U:?] [A:_cert_login email@hello.com]
[E:1b81a0f9-06b3-4d25-8fef-37cf86adecb8] [T:2020-12-24 03:51:01.663762] [U:email@hello.com] [A:_commands]
[E:19c05a6e-f0d5-4ce1-b789-42a8c83cd8e1] [T:2020-12-24 03:51:05.138779] [U:email@hello.com] [A:file_transfer._upload_folder custom_ct_spleen UEsDBBQAAAAAAMYgglEAAAAAAAAAAAAAAAAWAAAAY3VzdG9tX2N0X3]
[E:7c294fcf-c877-4a6d-aee2-2e82239042b1] [T:2020-12-24 03:51:07.316855] [U:email@hello.com] [A:set_run_number 10]
[E:33ba6e84-c68e-4687-8b01-4d69d3d4fb27] [T:2020-12-24 03:51:10.294567] [U:email@hello.com] [A:deploy custom_ct_spleen server]
[E:5ad64206-da76-422d-9229-2820aa585b20] [T:2020-12-24 03:51:12.858080] [U:email@hello.com] [A:deploy custom_ct_spleen client]
[E:d895ca23-6e5b-4f8c-abf3-f67b2cfd172e] [T:2020-12-24 03:51:14.082414] [U:email@hello.com] [A:start server]
[E:84d22d66-148d-4b32-8309-510f727758f7] [T:2020-12-24 03:51:15.165906] [U:email@hello.com] [A:start client]
[E:c5116711-fcef-4e6e-8616-6cc179fa7ca5] [T:2020-12-24 04:05:49.544627] [U:?] [A:_cert_login email@hello.com]
[E:2cff0803-0a29-4b68-ba08-9d08df5e1fa5] [T:2020-12-24 04:05:49.552468] [U:email@hello.com] [A:_commands]
[E:e6e01a14-13c9-4e4f-904b-d856ececb91f] [T:2020-12-24 04:05:53.076672] [U:email@hello.com] [A:file_transfer._upload_folder custom_ct_spleen UEsDBBQAAAAAAMYgglEAAAAAAAAAAAAAAAAWAAAAY3VzdG9tX2N0X3]
[E:758be6db-9a49-45fd-8f10-ca9da298eaa3] [T:2020-12-24 04:05:54.991518] [U:email@hello.com] [A:set_run_number 1]
[E:3d5c5603-35b6-4592-99b4-78bc575f4a83] [T:2020-12-24 04:05:57.023930] [U:email@hello.com] [A:set_run_number 10]
[E:3c4e661c-c41c-45c1-86e6-79e0dbfa5af8] [T:2020-12-24 04:06:01.021660] [U:email@hello.com] [A:deploy custom_ct_spleen server]
[E:ac7d8bb6-6cb0-4db9-96fc-d2539ee0304f] [T:2020-12-24 04:06:03.013345] [U:email@hello.com] [A:deploy custom_ct_spleen client]
[E:07d00872-676c-41f0-b5be-4c62c2bb1f2c] [T:2020-12-24 04:06:04.103593] [U:email@hello.com] [A:start server]
[E:91f8b045-9ad5-408f-88a0-d301eda30048] [T:2020-12-24 04:06:05.183279] [U:email@hello.com] [A:start client]
[E:2680b667-0df9-4f81-967a-a0f96cd6be14] [T:2020-12-24 04:16:55.084486] [U:email@hello.com] [A:check_status client]
[E:dba5068f-1ab2-4088-b178-6717e824d3a8] [T:2020-12-24 04:18:19.394741] [U:?] [A:_cert_login email@hello.com]
[E:e0b8c58e-2ae7-4745-9e4c-46294e725e8d] [T:2020-12-24 04:18:19.402319] [U:email@hello.com] [A:_commands]
[E:0bbe4ee1-7c4d-413d-9659-513b08f9705d] [T:2020-12-24 04:18:22.767167] [U:email@hello.com] [A:file_transfer._upload_folder custom_ct_spleen UEsDBBQAAAAAAMYgglEAAAAAAAAAAAAAAAAWAAAAY3VzdG9tX2N0X3]
[E:b82de975-5ae8-4932-9d64-70e5958e1ed4] [T:2020-12-24 04:18:24.661860] [U:email@hello.com] [A:set_run_number 1]
[E:73aae979-127c-4b10-9c37-56628bcc8c9b] [T:2020-12-24 04:18:27.743782] [U:email@hello.com] [A:deploy custom_ct_spleen server]
[E:dd4fb32a-2160-42b5-bffb-57665bc66687] [T:2020-12-24 04:18:29.991527] [U:email@hello.com] [A:deploy custom_ct_spleen client]
[E:34e5e02d-ac56-4033-ad77-15e98e4a0b47] [T:2020-12-24 04:18:31.155568] [U:email@hello.com] [A:start server]
[E:90c1d428-ca41-4f89-91b7-d71c036dcc9a] [T:2020-12-24 04:18:32.184785] [U:email@hello.com] [A:start client]
[E:cd6bf7ab-ecda-4555-8bf6-e39c9d5f79ec] [T:2020-12-24 04:38:26.765695] [U:?] [A:_cert_login email@hello.com]
[E:3e439e8f-a8e0-4ad6-88f0-740b62da1faf] [T:2020-12-24 04:38:26.772689] [U:email@hello.com] [A:_commands]
[E:8a9da72e-c56d-4821-af08-d0cddb10e40e] [T:2020-12-24 04:38:30.386884] [U:email@hello.com] [A:file_transfer._upload_folder custom_ct_spleen UEsDBBQAAAAAAMYgglEAAAAAAAAAAAAAAAAWAAAAY3VzdG9tX2N0X3]
[E:f46b0da8-6f7e-42b4-8aa0-e76635927286] [T:2020-12-24 04:38:32.558054] [U:email@hello.com] [A:set_run_number 10]
[E:d3f11146-66d3-4726-80a5-925c8e852c56] [T:2020-12-24 04:38:39.292671] [U:email@hello.com] [A:set_run_number 11]
[E:44ec060f-d091-45ab-8b25-8309f68210eb] [T:2020-12-24 04:38:42.567476] [U:email@hello.com] [A:deploy custom_ct_spleen server]
[E:ef4d48e7-fb20-46fe-bcee-babac144e11c] [T:2020-12-24 04:38:46.177900] [U:email@hello.com] [A:deploy custom_ct_spleen client]
[E:28c7ada3-0476-4abd-a3c1-04640067a388] [T:2020-12-24 04:39:06.561717] [U:email@hello.com] [A:start server]
[E:5bcb4f8a-78ef-4894-8b09-ab8e5d5f4e4d] [T:2020-12-24 04:39:08.390920] [U:email@hello.com] [A:start client]
[E:d5c70431-8e0a-4467-9688-f12aa121c09c] [T:2020-12-24 04:39:11.049720] [U:email@hello.com] [A:check_status server]
[E:e6fbb6c4-90a2-4b69-894a-ba4d9773b882] [T:2020-12-24 04:39:46.407261] [U:?] [A:_cert_login email@hello.com]
[E:bfa41b14-2e55-45fb-bbff-048a44bd2e0e] [T:2020-12-24 04:39:46.410168] [U:email@hello.com] [A:_commands]
[E:e9049454-a600-4002-9956-33e9eb568d56] [T:2020-12-24 04:39:49.654809] [U:email@hello.com] [A:file_transfer._upload_folder custom_ct_spleen UEsDBBQAAAAAAMYgglEAAAAAAAAAAAAAAAAWAAAAY3VzdG9tX2N0X3]
[E:9c4186dd-2431-4496-a3f5-0151dfcbc7b3] [T:2020-12-24 04:39:52.800385] [U:email@hello.com] [A:set_run_number 11]
[E:d1bf8e31-2418-4b80-a903-dd4054e9ba6f] [T:2020-12-24 04:39:55.873514] [U:email@hello.com] [A:deploy custom_ct_spleen server]
[E:4b0292ae-8b79-4a93-a903-800fef1181d1] [T:2020-12-24 04:39:58.072933] [U:email@hello.com] [A:deploy custom_ct_spleen client]
[E:6935c0a2-e994-4ca5-bdae-ce69bead8a7e] [T:2020-12-24 04:39:59.198803] [U:email@hello.com] [A:start server]
[E:4c430c29-75e6-445f-91ff-b239ef6a5de4] [T:2020-12-24 04:40:00.287294] [U:email@hello.com] [A:start client]
[E:d3d589a3-dfe2-4367-9523-b51c5ef88a27] [T:2020-12-24 04:49:35.974505] [U:?] [A:_cert_login email@hello.com]
[E:e2401302-59fd-48b0-a15d-2ae9b74d585b] [T:2020-12-24 04:49:35.977430] [U:email@hello.com] [A:_commands]
[E:35b2eeb3-09e7-4923-8f4e-7b3f2f301e7e] [T:2020-12-24 04:49:39.822689] [U:email@hello.com] [A:file_transfer._upload_folder custom_ct_spleen UEsDBBQAAAAAAMYgglEAAAAAAAAAAAAAAAAWAAAAY3VzdG9tX2N0X3]
[E:b59756d1-c172-4e94-a61b-195e1367ea71] [T:2020-12-24 04:49:43.291621] [U:email@hello.com] [A:set_run_number 11]
[E:871f5be8-1e0c-43cf-a24b-0aa1b6ab998f] [T:2020-12-24 04:49:46.134711] [U:email@hello.com] [A:deploy custom_ct_spleen server]
[E:10e2d203-9057-4d44-b81a-0c92b78d6e82] [T:2020-12-24 04:49:49.289009] [U:email@hello.com] [A:deploy custom_ct_spleen client]
[E:953afdcd-1ee4-4bb6-a475-a02fae069d7b] [T:2020-12-24 04:49:50.364408] [U:email@hello.com] [A:start server]
[E:bb02fbb7-6efe-4801-8874-1b6b53fd22e3] [T:2020-12-24 04:49:51.556561] [U:email@hello.com] [A:start client]
[E:ed0565b5-5f3f-495f-aab4-38150e3a6d0d] [T:2020-12-24 04:58:00.326408] [U:?] [A:_cert_login email@hello.com]
[E:5840fa29-48d1-4c92-a900-7f03aa05197a] [T:2020-12-24 04:58:00.329931] [U:email@hello.com] [A:_commands]
[E:29a74350-fb08-49ff-a60e-b6958f157bee] [T:2020-12-24 04:58:05.117447] [U:email@hello.com] [A:file_transfer._upload_folder custom_ct_spleen UEsDBBQAAAAAAMYgglEAAAAAAAAAAAAAAAAWAAAAY3VzdG9tX2N0X3]
[E:49fe662f-96cf-47a4-aa47-7b5dc68db7b8] [T:2020-12-24 04:58:14.319463] [U:email@hello.com] [A:set_run_number 11]
[E:f906ad18-62ef-4714-a28a-fb88de8e0b78] [T:2020-12-24 04:58:17.150279] [U:email@hello.com] [A:deploy custom_ct_spleen server]
[E:399045cb-d384-45c4-8aa4-68079df182fd] [T:2020-12-24 04:58:19.099642] [U:email@hello.com] [A:deploy custom_ct_spleen client]
[E:c8c5f597-0703-4fca-881d-9992cf677c14] [T:2020-12-24 04:58:20.234107] [U:email@hello.com] [A:start server]
[E:0935b7a5-cae1-43a2-bf4d-cac6fb68e365] [T:2020-12-24 04:58:21.207956] [U:email@hello.com] [A:start client]
[E:8d00ece9-a603-4fc0-96b5-6af827e05ce5] [T:2020-12-24 05:28:01.057532] [U:?] [A:_cert_login email@hello.com]
[E:9cb213c3-f606-49f5-8077-857c12124a52] [T:2020-12-24 05:28:01.060335] [U:email@hello.com] [A:_commands]
[E:2ec536eb-ab04-4b58-b7b2-f94d90454427] [T:2020-12-24 05:28:04.274259] [U:email@hello.com] [A:file_transfer._upload_folder custom_ct_spleen UEsDBBQAAAAAAMYgglEAAAAAAAAAAAAAAAAWAAAAY3VzdG9tX2N0X3]
[E:58bb2220-ad31-4c00-8cc6-adf2d8d2c328] [T:2020-12-24 05:28:11.460759] [U:email@hello.com] [A:set_run_number 9]
[E:1798a511-f890-4765-998a-91cd6fb73ec2] [T:2020-12-24 05:28:16.140215] [U:email@hello.com] [A:deploy custom_ct_spleen server]
[E:9e9773c5-a278-4143-afa9-d28950ad09c4] [T:2020-12-24 05:28:18.019763] [U:email@hello.com] [A:deploy custom_ct_spleen client]
[E:40787070-3caa-4256-abc7-9982439c4d03] [T:2020-12-24 05:28:19.130149] [U:email@hello.com] [A:start server]
[E:c1c23d92-af82-4952-9e4e-fa1d9280e719] [T:2020-12-24 05:28:20.292818] [U:email@hello.com] [A:start client]
[E:08963063-a75a-4052-9f73-214fce64e33f] [T:2020-12-24 05:29:30.418989] [U:?] [A:_cert_login email@hello.com]
[E:a0d6bd62-d446-4fe9-b45c-932b720c905b] [T:2020-12-24 05:29:30.421748] [U:email@hello.com] [A:_commands]
[E:6e04fc43-56e4-4d12-8e0e-90134425f9e9] [T:2020-12-24 05:29:33.621241] [U:email@hello.com] [A:file_transfer._upload_folder custom_ct_spleen UEsDBBQAAAAAAMYgglEAAAAAAAAAAAAAAAAWAAAAY3VzdG9tX2N0X3]
[E:b524c937-63f9-4469-82e4-077401d0affe] [T:2020-12-24 05:29:35.696560] [U:email@hello.com] [A:set_run_number 9]
[E:9fc51714-d07b-4502-90ab-73bb20b0580e] [T:2020-12-24 05:29:38.531915] [U:email@hello.com] [A:deploy custom_ct_spleen server]
[E:fa5bed0f-0e57-4417-8f95-1d688cbfefcd] [T:2020-12-24 05:29:40.428168] [U:email@hello.com] [A:deploy custom_ct_spleen client]
[E:28b10849-e6a9-481a-99db-10f7aebd359a] [T:2020-12-24 05:29:41.562564] [U:email@hello.com] [A:start server]
[E:4476aa83-a52f-44e1-9b5e-27c3722a9626] [T:2020-12-24 05:29:42.637588] [U:email@hello.com] [A:start client]
[E:158d9956-1911-4df7-87e8-9da9bd1a72a3] [T:2020-12-24 05:39:34.339152] [U:?] [A:_cert_login email@hello.com]
[E:7740d678-cf2e-4dd8-9ef5-50bf81afb781] [T:2020-12-24 05:39:34.342229] [U:email@hello.com] [A:_commands]
[E:da3261a9-87d8-412e-8d9b-3c59ebe53afa] [T:2020-12-24 05:39:41.001240] [U:email@hello.com] [A:file_transfer._upload_folder custom_ct_spleen UEsDBBQAAAAAAMYgglEAAAAAAAAAAAAAAAAWAAAAY3VzdG9tX2N0X3]
[E:75375a01-1240-4a63-9c05-af056fc1f4be] [T:2020-12-24 05:39:42.966040] [U:email@hello.com] [A:set_run_number 1]
[E:f2bf284b-00ef-40e6-b7fa-03ed2f7a4d04] [T:2020-12-24 05:39:46.414768] [U:email@hello.com] [A:deploy custom_ct_spleen server]
[E:d6754efc-5c11-4805-a6ac-dc7c1dc96e87] [T:2020-12-24 05:39:48.830037] [U:email@hello.com] [A:deploy custom_ct_spleen client]
[E:45d69359-567e-4155-9ef4-645aa033224d] [T:2020-12-24 05:39:49.955836] [U:email@hello.com] [A:start server]
[E:17dca6a3-fc23-455b-8849-553bbc033455] [T:2020-12-24 05:39:51.054829] [U:email@hello.com] [A:start client]
[E:28827dae-54e7-4772-8dc3-44a0e4ef5b46] [T:2020-12-24 05:52:04.136724] [U:?] [A:_cert_login email@hello.com]
[E:c9d6d6fb-6801-432b-8e6b-69da640b0583] [T:2020-12-24 05:52:04.139677] [U:email@hello.com] [A:_commands]
[E:47ecca83-fa8a-4a52-8858-5d19d889b9a0] [T:2020-12-24 05:52:13.911684] [U:email@hello.com] [A:file_transfer._upload_folder custom_ct_spleen UEsDBBQAAAAAAMYgglEAAAAAAAAAAAAAAAAWAAAAY3VzdG9tX2N0X3]
[E:c4337deb-b9fd-4708-bdf4-f5079cb79628] [T:2020-12-24 05:52:19.012077] [U:email@hello.com] [A:set_run_number 20]
[E:cbf6f4a9-088b-4e11-886f-92107e690227] [T:2020-12-24 05:52:22.079599] [U:email@hello.com] [A:deploy custom_ct_spleen server]
[E:c4222124-f1ce-455a-be17-1b81ecac0ad4] [T:2020-12-24 05:52:24.151195] [U:email@hello.com] [A:deploy custom_ct_spleen client]
[E:1f082144-7e7c-4c11-9999-0cf35c777c24] [T:2020-12-24 05:52:25.188590] [U:email@hello.com] [A:start server]
[E:8ae6a8f8-fc9a-4088-bcb6-ddbb52424e72] [T:2020-12-24 05:52:26.274760] [U:email@hello.com] [A:start client]
[E:6cb27958-ed4e-4f9b-932b-a68ac8bed493] [T:2020-12-24 05:55:10.749488] [U:?] [A:_cert_login email@hello.com]
[E:ab50e6ce-b6da-4a0e-a055-79681dea499a] [T:2020-12-24 05:55:10.752403] [U:email@hello.com] [A:_commands]
[E:0d73d2c2-ddba-41f5-ad67-42e4db7216b3] [T:2020-12-24 05:55:16.424722] [U:email@hello.com] [A:file_transfer._upload_folder custom_ct_spleen UEsDBBQAAAAAAMYgglEAAAAAAAAAAAAAAAAWAAAAY3VzdG9tX2N0X3]
[E:4504d9f1-a7f6-4472-9d02-e686eb1ed5c4] [T:2020-12-24 05:55:19.079797] [U:email@hello.com] [A:set_run_number 20]
[E:9483acf2-7cff-4ff4-9c06-269456266b9e] [T:2020-12-24 05:55:22.380322] [U:email@hello.com] [A:deploy custom_ct_spleen server]
[E:592b8e14-58b0-4d7f-bba6-560c2b9910ff] [T:2020-12-24 05:55:24.539410] [U:email@hello.com] [A:deploy custom_ct_spleen client]
[E:d5b54b53-738f-4206-ba4f-2d44b4f3f29a] [T:2020-12-24 05:55:25.803631] [U:email@hello.com] [A:start server]
[E:dfd51848-3383-4e45-9723-8db14ab68a7f] [T:2020-12-24 05:55:26.861478] [U:email@hello.com] [A:start client]
[E:2722b7f1-4522-41a9-9762-9cb6f7cc2022] [T:2020-12-24 05:59:59.471007] [U:?] [A:_cert_login email@hello.com]
[E:fd48a15e-691d-4cc2-b1da-34f85f723823] [T:2020-12-24 05:59:59.473804] [U:email@hello.com] [A:_commands]
[E:ec6acb35-e85e-4d1d-a3b3-7f2f09bffc47] [T:2020-12-24 06:00:02.744192] [U:email@hello.com] [A:file_transfer._upload_folder custom_ct_spleen UEsDBBQAAAAAAMYgglEAAAAAAAAAAAAAAAAWAAAAY3VzdG9tX2N0X3]
[E:b5bebfcd-8ea3-49ac-8d6f-182f65ec3bd3] [T:2020-12-24 06:00:29.007564] [U:email@hello.com] [A:set_run_number 1]
[E:54675228-f0d7-4765-a2c6-f88e102a5f07] [T:2020-12-24 06:00:34.033576] [U:email@hello.com] [A:deploy custom_ct_spleen server]
[E:8edfc1f8-c99c-4612-b9e6-f3ee429a839d] [T:2020-12-24 06:00:36.881689] [U:email@hello.com] [A:deploy custom_ct_spleen client]
[E:3a4e347f-4098-442e-8c04-6721c303eca0] [T:2020-12-24 06:00:38.090104] [U:email@hello.com] [A:start server]
[E:6a9fbd0e-bd36-43cd-a8af-12868457bae2] [T:2020-12-24 06:00:39.165372] [U:email@hello.com] [A:start client]
[E:255f8996-e919-4d21-9c4e-23a540910726] [T:2020-12-24 06:10:18.717411] [U:?] [A:_cert_login email@hello.com]
[E:f28a8418-a738-4a27-b650-c15760a31e8a] [T:2020-12-24 06:10:18.726100] [U:email@hello.com] [A:_commands]
[E:4568ac0d-66e0-4357-808b-ecfcd8c9f2cf] [T:2020-12-24 06:10:21.896259] [U:email@hello.com] [A:file_transfer._upload_folder custom_ct_spleen UEsDBBQAAAAAAMYgglEAAAAAAAAAAAAAAAAWAAAAY3VzdG9tX2N0X3]
[E:8d2711a1-65fa-4c24-a6b0-4b23c78b50cf] [T:2020-12-24 06:10:23.786893] [U:email@hello.com] [A:set_run_number 1]
[E:b6e5c495-f14c-4233-8f5c-eab4db3b4345] [T:2020-12-24 06:10:26.824382] [U:email@hello.com] [A:deploy custom_ct_spleen server]
[E:e44d9e4a-bd47-4b76-a38f-9b801306c4b0] [T:2020-12-24 06:10:29.170718] [U:email@hello.com] [A:deploy custom_ct_spleen client]
[E:38ff18f2-998a-442c-bcc5-27ae9e17d741] [T:2020-12-24 06:10:30.431018] [U:email@hello.com] [A:start server]
[E:741dcce7-7a34-4a5f-92e7-9ebdf8bfb81e] [T:2020-12-24 06:10:31.683941] [U:email@hello.com] [A:start client]
