[E:b3ae3f57-58ee-4975-89f5-97395df01dd6] [T:2020-12-02 05:39:35.375980] [U:] [A:deploy]
[E:d888cfa8-ee32-4c57-b047-6b14ac91423f] [R:95a7a4c6-4c3e-4c92-897b-4106f5a535d8] [T:2020-12-02 05:39:37.596235] [U:email@hello.com] [A:start]
[E:7ecf247d-c1f8-4b3b-9136-72bd111a7343] [T:2020-12-02 05:46:26.940243] [U:] [A:deploy]
[E:2de4d920-e649-4f8e-a0f9-45dc14b3b998] [R:a0616e1b-cb3b-488b-91e0-6ba5bbf78899] [T:2020-12-02 05:46:29.060393] [U:email@hello.com] [A:start]
[E:55472028-d8d4-49fd-8edd-6aeabe11f034] [T:2020-12-02 06:27:37.966951] [U:] [A:deploy]
[E:b216e620-9d2b-4eda-a6fe-e274c32aedec] [R:573995dc-61f7-48b1-b4d4-856605733ee4] [T:2020-12-02 06:27:42.799058] [U:email@hello.com] [A:start]
[E:ac2540f7-9c27-4205-a666-ff0580e5da9c] [T:2020-12-02 06:28:44.054654] [U:] [A:restart]
[E:345c5fa6-5175-4c10-a134-43a289eab623] [T:2020-12-02 06:33:09.310871] [U:] [A:deploy]
[E:a9458eb0-ae50-4deb-9529-07ba944c2004] [R:620f12b3-7c28-4641-97c1-5cff12b10f36] [T:2020-12-02 06:33:11.831014] [U:email@hello.com] [A:start]
[E:3c5e6284-0349-46b4-a21f-9a302d5b37f1] [R:aa648171-f885-490f-ab41-06104292908f] [T:2020-12-02 06:36:11.075630] [U:email@hello.com] [A:check_status]
[E:b0231fa3-2860-426c-8ffa-b0bb344ca578] [R:02370c72-6f77-45ea-9baf-fb9fc5126c60] [T:2020-12-02 06:37:26.662556] [U:email@hello.com] [A:check_status]
[E:8932533a-19df-446f-819f-8bf48c7b8ff4] [T:2020-12-03 00:22:33.250417] [U:] [A:deploy]
[E:6b424f74-6009-4615-a9c2-08acfd5087ef] [R:2c7478de-cb4a-4f97-abfc-fedad80ce53f] [T:2020-12-03 00:22:36.474372] [U:email@hello.com] [A:start]
[E:566bbc2d-aefa-496c-9f10-61453de2c003] [T:2020-12-03 02:10:05.993714] [U:] [A:deploy]
[E:bb5cda8c-b91d-40b1-91c3-423ab34e6fde] [R:e09468ad-019e-4e52-9116-e5dc45dff07c] [T:2020-12-03 02:10:09.119414] [U:email@hello.com] [A:start]
[E:9bb87e3b-e4e3-41c7-9712-61215b06a90b] [T:2020-12-03 03:11:29.925386] [U:] [A:deploy]
[E:581069cb-2d04-4acf-984a-25d4b8bf2c8a] [T:2020-12-03 03:17:51.745969] [U:] [A:restart]
[E:97d723d3-3375-47e4-95bc-1897f2e920f6] [T:2020-12-03 03:19:02.438151] [U:] [A:deploy]
[E:07b2156b-f817-46f6-9d90-edacd42d178a] [R:b8e46aaf-94bf-4140-9e71-a5951e9a796a] [T:2020-12-03 03:19:04.555952] [U:email@hello.com] [A:start]
[E:cfd7c57b-f4fb-42cf-84ec-3a926d7686fc] [T:2020-12-03 03:24:15.529560] [U:] [A:restart]
[E:f8287146-c652-4f23-8e2d-059d546fe0f3] [T:2020-12-03 03:27:17.852070] [U:] [A:deploy]
[E:b8003d30-dadf-47d9-8550-dd4a32a2a2ea] [R:21445e27-593a-454a-95fa-f22ce4c746af] [T:2020-12-03 03:27:19.972113] [U:email@hello.com] [A:start]
[E:044df1a6-fe5d-4a02-afa3-8f5b26953de4] [T:2020-12-03 03:32:00.669469] [U:] [A:deploy]
[E:1e5a396f-d6a3-4384-998b-49f9ecd1b59e] [T:2020-12-03 03:32:26.993952] [U:] [A:restart]
[E:2033e723-53d6-45b7-af13-f96229e3abab] [T:2020-12-03 03:33:54.511900] [U:] [A:deploy]
[E:dcc80979-ce0d-40ac-b93b-1c8289558598] [T:2020-12-03 03:37:42.990615] [U:] [A:deploy]
[E:8fcc2263-54e9-4898-85cd-404badc6350d] [R:78b898f9-58c9-44e2-9dae-1ea86cd5e8d6] [T:2020-12-03 03:37:45.610534] [U:email@hello.com] [A:start]
[E:39826e43-39c3-4286-a971-b7eb14e05057] [T:2020-12-03 03:40:30.024604] [U:] [A:restart]
[E:b47b67dc-3586-4c6b-a509-29266985290c] [T:2020-12-03 03:41:25.175637] [U:] [A:deploy]
[E:5b69c56e-792b-40b7-ab6c-e601ea58744c] [R:0a72d723-569b-4b97-9131-53f809929877] [T:2020-12-03 03:41:27.195351] [U:email@hello.com] [A:start]
[E:d9e4456d-c489-4f24-9973-92e7fba42ec4] [T:2020-12-03 03:44:33.901018] [U:] [A:restart]
[E:cb220c6d-abff-4019-a9ba-029dbb0191a6] [T:2020-12-03 03:45:30.413171] [U:] [A:deploy]
[E:e7cafe66-53a2-4026-9d8e-c20fdc4d9931] [R:f6e2ad8c-7427-4081-a9fb-5edf162ad035] [T:2020-12-03 03:45:32.432874] [U:email@hello.com] [A:start]
[E:6c620ca3-28e3-48f2-ad91-003265d5bac2] [T:2020-12-03 03:48:24.064655] [U:] [A:restart]
[E:3b20df57-208e-45b5-8d80-7865eba135e6] [T:2020-12-03 03:49:35.952686] [U:] [A:deploy]
[E:504176db-fc12-4855-935b-b88bd6129a94] [R:ef9db281-efe7-4df3-9dde-7a203d54d3a0] [T:2020-12-03 03:49:37.539919] [U:email@hello.com] [A:start]
[E:10f83190-b18e-4002-8e64-7049f960b393] [T:2020-12-03 03:52:11.512822] [U:] [A:restart]
[E:64e63c52-84c8-4058-813d-f5f8bc15c903] [T:2020-12-03 03:52:59.707741] [U:] [A:deploy]
[E:953d0232-236c-4bc9-a0d8-21a03a8f1f67] [R:836ec57b-cd41-4efa-9d84-3c8cddeba897] [T:2020-12-03 03:53:01.726330] [U:email@hello.com] [A:start]
[E:181a6e1e-9025-4e63-b1f9-5b9b64dd7fec] [T:2020-12-03 03:56:07.892251] [U:] [A:restart]
[E:f387df34-7b2f-4c9d-945c-3f117b0b387c] [T:2020-12-03 03:57:00.668106] [U:] [A:deploy]
[E:5da663cd-71ef-4bf5-bf25-6ad39ef791ae] [R:a9049708-151e-48c2-a8d2-61d8b721ac4b] [T:2020-12-03 03:57:03.288492] [U:email@hello.com] [A:start]
[E:202e754f-61f9-4493-bf1f-2c40086ee01f] [T:2020-12-03 05:07:01.551652] [U:] [A:deploy]
[E:d2fee376-da9f-4cee-a62a-bd3a022ccab2] [R:be22e021-142c-4904-b4d8-fb26fe192743] [T:2020-12-03 05:07:03.671267] [U:email@hello.com] [A:start]
[E:85c9cf21-6699-44fe-b415-022f9c1a426c] [T:2020-12-03 05:18:54.266606] [U:] [A:deploy]
[E:8b22b81d-ca3a-4ddd-93f0-3b2cd29f3fff] [R:f5dc66b7-e668-49d6-b0c2-1ba7881763d1] [T:2020-12-03 05:18:56.790875] [U:email@hello.com] [A:start]
[E:79108828-c72a-4c1d-b879-3b38ab0a5fca] [T:2020-12-04 20:56:13.600807] [U:] [A:deploy]
[E:1c6658e4-efdb-4888-a1d8-4ea017f0e211] [R:f3de7355-36bf-4f71-8ee8-4c40df2f76d8] [T:2020-12-04 20:56:15.722118] [U:email@hello.com] [A:start]
[E:1ea973fd-232f-4c6c-a9cf-d83dc834f6e2] [T:2020-12-04 21:23:30.096326] [U:] [A:deploy]
[E:e3bfee16-2cc3-4dc7-b8a7-b197c505864d] [R:318d6fc8-19d8-43e3-ada4-40509a929546] [T:2020-12-04 21:23:32.314446] [U:email@hello.com] [A:start]
[E:c3825870-8793-4d67-93fb-9eeaf9629254] [T:2020-12-04 21:39:16.857305] [U:] [A:deploy]
[E:f18cebef-7263-4d67-a8aa-dc67e5326d6d] [R:32e666dd-6e30-418a-bd99-c71c0b8c800e] [T:2020-12-04 21:39:18.978843] [U:email@hello.com] [A:start]
[E:0243853d-744d-42b6-9bd7-050b0aabbc61] [T:2020-12-09 22:28:13.393796] [U:] [A:deploy]
[E:36290fca-7283-4980-ae70-5eab2f0faa28] [R:19fba5f7-9104-4b38-95bf-569cb2e3522a] [T:2020-12-09 22:29:01.819188] [U:email@hello.com] [A:start]
[E:7f80f24c-f421-425c-b06d-86791334c535] [T:2020-12-09 22:36:28.732964] [U:] [A:restart]
[E:01306b61-b658-4415-9272-6e2dff495a4f] [T:2020-12-09 22:37:39.214393] [U:] [A:deploy]
[E:95fc608d-e001-498d-8ec1-322af0acdc45] [R:8b4446a2-8cc8-4b38-b1e6-0de5099f01f4] [T:2020-12-09 22:37:41.794697] [U:email@hello.com] [A:start]
[E:2c281a2b-0424-4cbf-9af4-2415a387abd6] [T:2020-12-09 22:58:25.872681] [U:] [A:restart]
[E:e9024585-2182-4393-9713-517c8961d26f] [T:2020-12-09 22:59:16.169220] [U:] [A:deploy]
[E:5fd50cf6-2c2f-45db-a9b3-30c0c4b2c906] [R:c8032475-30b2-4059-92c8-ef21484ebb8d] [T:2020-12-09 22:59:17.686186] [U:email@hello.com] [A:start]
[E:c937d17c-2f5f-4b9f-b1bf-d1953e6ab8fc] [T:2020-12-09 23:08:21.774527] [U:] [A:restart]
[E:7ff9ae2f-6507-401e-8a53-0aa5bf932982] [T:2020-12-09 23:09:10.234716] [U:] [A:deploy]
[E:50ca3b2a-99dc-418c-a5d0-dc76ef32a3b3] [R:c51f4340-169e-41db-8094-cc571a367b25] [T:2020-12-09 23:09:12.354391] [U:email@hello.com] [A:start]
[E:b40f79df-c171-4360-9c3c-53e7d0b1f452] [T:2020-12-09 23:15:22.105952] [U:] [A:restart]
[E:80c2f0ad-80f8-4260-890d-deb42eeba820] [T:2020-12-09 23:19:54.791102] [U:] [A:deploy]
[E:267c911c-5e55-4873-a9d5-6014b26d16c6] [R:2819014b-e05b-49c2-9f2e-e8e186ad3420] [T:2020-12-09 23:19:56.809269] [U:email@hello.com] [A:start]
[E:a64a151d-570f-4ec8-800a-f5878a9bdfd3] [T:2020-12-09 23:34:27.654960] [U:] [A:restart]
[E:6f22fa26-4b31-4a04-974a-95a8f149f957] [T:2020-12-09 23:36:23.386852] [U:] [A:deploy]
[E:0cc1c55d-68ba-4c38-ac1f-90322bc772f3] [R:0d9013e7-e97d-40e1-90b0-240ec96acd56] [T:2020-12-09 23:36:27.508858] [U:email@hello.com] [A:start]
[E:358f1c44-1b63-4525-bd69-d1813e88ea1e] [T:2020-12-09 23:46:25.162577] [U:] [A:restart]
[E:9dd61388-4f6b-47ec-8c52-3b956928d618] [T:2020-12-09 23:47:31.231768] [U:] [A:deploy]
[E:59ac6e71-abbe-44e7-ba7f-305b378d68c5] [R:68c51091-d2fd-4ddb-81ba-7b3b3e3cbfbc] [T:2020-12-09 23:47:33.271949] [U:email@hello.com] [A:start]
[E:1976db38-23e1-4fae-b12b-bb143c95fee0] [T:2020-12-10 00:33:45.750287] [U:] [A:restart]
[E:b80e8e27-89ec-4ec0-8c7e-8a01aba858d1] [T:2020-12-10 00:34:58.102669] [U:] [A:deploy]
[E:35a95710-ed8e-432e-b7e5-46525c9c7bec] [R:96e3494c-010a-48df-9aac-19256a939507] [T:2020-12-10 00:35:00.209996] [U:email@hello.com] [A:start]
[E:d075de26-94e5-4783-81cb-36a0195af71c] [T:2020-12-10 00:48:47.528513] [U:] [A:deploy]
[E:5465bc19-5008-4534-8615-b3d22798688b] [R:49347dd9-46fa-4f36-9748-75370c327659] [T:2020-12-10 00:48:50.650433] [U:email@hello.com] [A:start]
[E:cd0f8bbe-e05f-4680-9966-0c40036e71ca] [T:2020-12-10 00:59:43.611211] [U:] [A:deploy]
[E:23a9249d-32f5-4050-af86-5ebd4566a02f] [R:8e5c6f65-cf6f-47af-81f5-cb58b74033f8] [T:2020-12-10 00:59:45.729444] [U:email@hello.com] [A:start]
[E:0311cad1-8985-4a61-9e60-bb7002731d67] [T:2020-12-10 01:06:15.468814] [U:] [A:restart]
[E:8b68da5c-3ea2-41f6-bac2-8fc3fc863e76] [T:2020-12-10 01:07:26.843468] [U:] [A:deploy]
[E:87c644b2-ae45-443e-b6df-8e13ce6aafcc] [R:55b1ead9-9f0c-4869-9599-9b7e1511be58] [T:2020-12-10 01:07:29.369348] [U:email@hello.com] [A:start]
[E:cde24f55-783c-49f2-85cf-7d782350a00d] [T:2020-12-10 01:19:21.371661] [U:] [A:restart]
[E:3c7a4054-c296-4921-83d3-e8fc7b1acee1] [T:2020-12-10 01:20:06.745540] [U:] [A:deploy]
[E:58219b69-c720-4ce6-b58b-37cab3012462] [R:489ed35a-4262-4bcf-b9b8-af2c6a5fd7dc] [T:2020-12-10 01:20:08.366567] [U:email@hello.com] [A:start]
[E:63c05093-ccb5-4e4f-a0df-307466ace15d] [T:2020-12-11 18:29:08.734041] [U:] [A:deploy]
[E:9972ec51-7684-49ca-a39e-2fe40e533ad5] [T:2020-12-11 19:02:58.820130] [U:] [A:deploy]
[E:6fb2f366-65cd-4300-9d22-7507dfbb9ca9] [T:2020-12-11 19:27:52.137495] [U:] [A:deploy]
[E:a331b1c3-8717-4f11-8c79-9b11e2975c4b] [R:2e1521cd-f957-4ecd-bb6b-19dac51c8de5] [T:2020-12-11 19:27:54.255589] [U:email@hello.com] [A:start]
[E:b361d7a1-bd8a-46bb-bf10-47f240f61821] [T:2020-12-17 20:18:44.757254] [U:] [A:deploy]
[E:5141b6a5-26b2-4a83-8c4b-b2ed1b3d1bbf] [R:75f14c4a-2f71-45d1-9d4f-80f262ca0952] [T:2020-12-17 20:18:55.587067] [U:email@hello.com] [A:start]
[E:8dce73a5-66a7-48cd-a32d-7eea3e3099f7] [T:2020-12-17 20:35:23.246223] [U:] [A:deploy]
[E:7641eb80-2dce-460c-8eb8-37546dba5a84] [R:58d60b70-3db0-4c2f-b9e2-64392fe86578] [T:2020-12-17 20:35:34.745448] [U:email@hello.com] [A:start]
[E:180c5662-23e0-4e7d-a2b0-47e4d8a6cf0f] [T:2020-12-17 20:51:57.870519] [U:] [A:deploy]
[E:d2099b3b-e228-4d55-9f25-00bdccabfbd1] [R:1c5e509f-cdf3-4002-b1e0-c703464c14bc] [T:2020-12-17 20:52:23.526393] [U:email@hello.com] [A:start]
[E:62aa4e0b-e999-4778-b649-718bff27d81b] [T:2020-12-17 21:04:16.487821] [U:] [A:deploy]
[E:5e9c8cee-660b-4a1d-be5a-e5cfb1f6f532] [R:7a9c7fec-bc76-45b4-99d7-f29c6921342c] [T:2020-12-17 21:04:26.020607] [U:email@hello.com] [A:start]
[E:8c3d03ab-3c0f-4c69-ab2f-dca2ca08e519] [T:2020-12-17 21:15:37.702861] [U:] [A:deploy]
[E:5eb2e7ee-7bce-49b5-ab39-7431fcdd2baf] [R:fcce5d37-54ee-4869-bd3e-0d793b07fc45] [T:2020-12-17 21:16:16.712797] [U:email@hello.com] [A:start]
[E:3aa064dd-b6c5-473b-b648-0469b24164fc] [T:2020-12-17 21:34:31.584261] [U:] [A:deploy]
[E:f17f52ed-3d54-4b0b-b229-942ec03ffd14] [R:19501f68-b64f-4bb0-b3ab-a09bf2e47258] [T:2020-12-17 21:34:35.705901] [U:email@hello.com] [A:start]
[E:d5d8751e-81e2-4e35-affb-003f9770754d] [T:2020-12-17 21:47:09.460017] [U:] [A:deploy]
[E:2a7748eb-d681-4b3f-9b8c-05b696b2d647] [R:9838d858-4a73-48c3-9dbc-c933323e371e] [T:2020-12-17 21:47:19.290578] [U:email@hello.com] [A:start]
[E:86ae4a87-5071-4012-af10-95fca8e3d5c0] [T:2020-12-17 22:43:00.483208] [U:] [A:deploy]
[E:79c97955-484f-4b03-9811-87fbddf62cfd] [R:0c4c00f2-7952-4eb2-92a6-cd3cca43bd8c] [T:2020-12-17 22:43:09.311267] [U:email@hello.com] [A:start]
[E:25c9dc36-8b8b-478c-afdb-965135dbe765] [T:2020-12-17 22:47:21.709531] [U:] [A:deploy]
[E:21d8c6e0-9bd4-4441-b046-94292e1bdedc] [R:6cc550af-5267-4f48-9498-785a83e988a5] [T:2020-12-17 22:47:27.296996] [U:email@hello.com] [A:start]
[E:16c82a0c-3e36-425f-b3ee-14495734d754] [T:2020-12-17 22:55:17.172860] [U:] [A:deploy]
[E:7eade998-ece1-4291-8095-b0bc22bfaf6d] [R:8517e83b-897c-45d0-aac3-63ce8fe2886d] [T:2020-12-17 22:55:21.293892] [U:email@hello.com] [A:start]
[E:15fc6523-e90c-4087-8b8f-e858ebb00ec3] [T:2020-12-17 22:59:36.872733] [U:] [A:deploy]
[E:59b028b8-7eaa-43e3-93a6-06bbb1e2e2a6] [R:f8e7fbf4-a96e-40cd-9b8c-6490464b8e6d] [T:2020-12-17 22:59:39.489206] [U:email@hello.com] [A:start]
[E:0d1c9510-3706-47a3-a816-d662cf0849ee] [T:2020-12-17 23:40:15.854332] [U:] [A:deploy]
[E:5628a14b-2aa7-47fd-a0e1-64e95bf33287] [R:9a379e54-e60b-48ae-a846-127f67f4fba2] [T:2020-12-17 23:40:30.890732] [U:email@hello.com] [A:start]
[E:866db414-af78-4e5b-a284-32ed234f1d8e] [R:829cc8f3-ed5a-4ff6-bc46-3434f2eecf12] [T:2020-12-23 00:22:40.091953] [U:email@hello.com] [A:check_status]
[E:c7f30dd9-c63f-4298-b8f3-b27afa5598e8] [T:2020-12-23 00:23:07.910820] [U:] [A:deploy]
[E:a5f0cbaa-3b46-4a19-a990-ba0363338c7a] [R:15c882a8-5e94-4a1b-ad1f-4cc15a29b392] [T:2020-12-23 00:23:09.927273] [U:email@hello.com] [A:start]
[E:655d7da5-13f0-4aa2-9d4c-3db894f138e7] [T:2020-12-23 00:49:01.804071] [U:] [A:deploy]
[E:a3caeb65-b64a-4f26-ae39-9a52525d702f] [R:21fb99bd-2726-4aea-8291-b00324250490] [T:2020-12-23 00:49:03.884084] [U:email@hello.com] [A:start]
[E:65f411b0-329a-4014-8747-6350329ddb2b] [T:2020-12-23 04:21:18.120445] [U:] [A:deploy]
[E:4583336e-9671-4619-8722-716a16c3956d] [R:9a1dd826-5f43-4dc6-a689-2ca8a182ca2c] [T:2020-12-23 04:21:20.238798] [U:email@hello.com] [A:start]
[E:2f1205e5-010c-42e9-b543-1faabca0cd7e] [T:2020-12-23 04:51:36.395501] [U:] [A:deploy]
[E:12885913-388c-4b6c-87c3-dc876adf5126] [R:b6c373bd-b05d-4b40-84ca-e74f0b02900c] [T:2020-12-23 04:51:38.516391] [U:email@hello.com] [A:start]
[E:49490471-fca5-4e50-9215-163d74288079] [R:60785f25-127f-440b-a96a-ef0de81f25f0] [T:2020-12-23 04:58:40.643105] [U:email@hello.com] [A:check_status]
[E:118f7a7d-d786-4ea5-99ea-1326c84aac28] [T:2020-12-23 05:01:08.777544] [U:] [A:deploy]
[E:cc75d867-948c-4f9f-b8d6-8903afaa44f0] [R:219e411b-2746-4382-9b78-fd7522b8e3bb] [T:2020-12-23 05:01:10.794748] [U:email@hello.com] [A:start]
[E:4c6962da-5cbf-4e41-abfb-f541b354936d] [T:2020-12-23 05:12:10.480781] [U:] [A:deploy]
[E:4b2f32a5-03e2-425a-84a4-b7a68c4b3e66] [R:add3c1fc-d0f2-4057-939c-46f15b0ffd2f] [T:2020-12-23 05:12:12.496101] [U:email@hello.com] [A:start]
[E:523ba19e-5cd2-4b52-8f29-cacfd06dace1] [R:aed4a242-0d20-4a8c-acdb-85e9d6ea6ffc] [T:2020-12-23 05:22:04.310094] [U:email@hello.com] [A:check_status]
[E:eed2fee7-4d43-4395-84a8-30e11c4abb03] [T:2020-12-23 05:22:56.839666] [U:] [A:deploy]
[E:7f734ab7-eed5-49cf-8de8-93ca1f733128] [R:9dab2241-5962-4ae6-a23e-c4697f4c1785] [T:2020-12-23 05:22:58.856156] [U:email@hello.com] [A:start]
[E:7da69885-4558-4fd8-b5db-89555175e7af] [T:2020-12-23 05:28:52.216774] [U:] [A:deploy]
[E:ede7edfd-1dff-4596-a254-9ccac6e774da] [R:64dd1995-f833-4879-9c3f-817a08f36224] [T:2020-12-23 05:28:54.235508] [U:email@hello.com] [A:start]
[E:0668ed02-cc79-4def-9caa-4676f76d1885] [R:696c571b-ae61-4e45-96ed-9d795ccbaa3a] [T:2020-12-23 05:40:33.748879] [U:email@hello.com] [A:check_status]
[E:e89cd9f6-8353-44cf-9eb9-d3daffe5685e] [T:2020-12-23 05:40:45.706354] [U:] [A:deploy]
[E:afd52205-3b1f-4b81-955a-b7eaabd25680] [R:ebcfff40-4c41-4cfb-af38-e3b4cbe04f77] [T:2020-12-23 05:40:48.229101] [U:email@hello.com] [A:start]
[E:fadcd72b-c500-44cc-bcd5-9d02f76871eb] [R:166e6b23-0352-4cf8-9cf2-2d76f1eabd40] [T:2020-12-23 05:44:51.068007] [U:email@hello.com] [A:check_status]
[E:5500ca6a-8b66-4cdb-9d42-5e6e2bb5521f] [R:69a343eb-7ad9-4c01-a26a-1f0cb0d545ce] [T:2020-12-23 05:50:41.770121] [U:email@hello.com] [A:check_status]
[E:c1f354bf-541a-4db4-a1e8-b46ff4290113] [T:2020-12-23 05:56:35.323257] [U:] [A:deploy]
[E:b971d33d-fd2e-45ee-99aa-be34c05de826] [R:54ecfb67-c386-4924-9523-490f7bd75c2e] [T:2020-12-23 05:56:37.343347] [U:email@hello.com] [A:start]
[E:95807008-3885-43d1-8a3d-59241aa069e7] [R:b2f4b842-43de-410a-8e18-13c5e1bc0a91] [T:2020-12-23 06:04:37.139128] [U:email@hello.com] [A:check_status]
[E:b58e5c79-56b8-4547-98ca-41f1065f7983] [R:26bd1433-1513-469d-bbed-ce1054b7191c] [T:2020-12-23 06:07:49.938573] [U:email@hello.com] [A:check_status]
[E:bbc9547b-ca86-4961-9ec2-eeca4b23562b] [T:2020-12-23 06:12:25.454164] [U:] [A:deploy]
[E:904a7ed7-5240-4975-971b-35c54c6c0160] [R:fca74f3e-5071-4fc6-9cb6-93d4b4005bc4] [T:2020-12-23 06:12:27.973488] [U:email@hello.com] [A:start]
[E:d3b369fe-aa02-41dc-8306-f6bc4c4786d4] [T:2020-12-23 06:44:28.708599] [U:] [A:deploy]
[E:995b74a3-01d8-4f17-aff1-0e68fc85636a] [R:2cbe9d6a-186e-4ce4-a65e-c240e07ad5fb] [T:2020-12-23 06:44:30.726245] [U:email@hello.com] [A:start]
[E:8a0e1466-35c2-40e3-bac6-514e1cf1a8e4] [T:2020-12-23 06:46:52.164668] [U:] [A:deploy]
[E:4623adc4-6682-41c3-806d-106f7a7302b1] [R:1d2d4b29-d93a-4737-8e8b-abdbb7c7e43c] [T:2020-12-23 06:46:54.282517] [U:email@hello.com] [A:start]
[E:cb7571ca-ed84-4609-97d5-3c19bd1164a8] [T:2020-12-24 03:13:00.062713] [U:] [A:deploy]
[E:0e5ce5d1-94a7-489e-b7a4-9f55e826a360] [R:fd2b2b3b-42e3-4be2-8a22-8818983a55d4] [T:2020-12-24 03:13:05.796364] [U:email@hello.com] [A:start]
[E:9a5455a6-b727-49ff-9d87-32deb455480f] [T:2020-12-24 03:19:53.043030] [U:] [A:deploy]
[E:cfb6c468-4426-4b24-8520-d514df162ea2] [R:c04f0497-68ae-4e0e-9dc0-02adf4bdfe24] [T:2020-12-24 03:19:55.160554] [U:email@hello.com] [A:start]
[E:59a97ed8-befb-460b-baf0-72a5bfc2b0e9] [T:2020-12-24 03:33:13.314608] [U:] [A:deploy]
[E:46c07429-c739-43c6-b7bd-6a71160d8025] [R:095d6256-4635-49ed-b7f3-a0240dccdc21] [T:2020-12-24 03:33:14.933440] [U:email@hello.com] [A:start]
[E:a6e48d40-648e-4119-8ccd-0b6b361c11cd] [T:2020-12-24 03:51:13.253272] [U:] [A:deploy]
[E:a7b693b3-43bc-43e3-8f34-a21b1ba43018] [R:84d22d66-148d-4b32-8309-510f727758f7] [T:2020-12-24 03:51:15.271499] [U:email@hello.com] [A:start]
[E:0f1efa9e-195c-47bb-9140-12128d17b751] [T:2020-12-24 04:06:03.310934] [U:] [A:deploy]
[E:de334e85-5183-49bb-a10a-a135497ae6c8] [R:91f8b045-9ad5-408f-88a0-d301eda30048] [T:2020-12-24 04:06:05.329675] [U:email@hello.com] [A:start]
[E:a132cbc1-b5dc-4b5a-b1a1-fd868b569e66] [R:2680b667-0df9-4f81-967a-a0f96cd6be14] [T:2020-12-24 04:16:55.261925] [U:email@hello.com] [A:check_status]
[E:17e5e875-e39b-4a3a-874e-aca2a95f81e8] [T:2020-12-24 04:18:30.400363] [U:] [A:deploy]
[E:8ec89638-0f2e-4763-a774-a450fab43f8e] [R:90c1d428-ca41-4f89-91b7-d71c036dcc9a] [T:2020-12-24 04:18:32.519099] [U:email@hello.com] [A:start]
[E:745ee2c0-7472-48f8-ae68-d9666c5d2a74] [T:2020-12-24 04:38:46.369097] [U:] [A:deploy]
[E:5ba1e2aa-e86f-4007-80bc-0b6212a6b77e] [R:5bcb4f8a-78ef-4894-8b09-ab8e5d5f4e4d] [T:2020-12-24 04:39:08.875981] [U:email@hello.com] [A:start]
[E:5b6bed7c-dcac-40dc-b9f5-0de6ea36cc8e] [T:2020-12-24 04:39:58.607319] [U:] [A:deploy]
[E:520f5a24-b006-40df-9e86-e8a6d5559124] [R:4c430c29-75e6-445f-91ff-b239ef6a5de4] [T:2020-12-24 04:40:00.726298] [U:email@hello.com] [A:start]
[E:50e313d3-dcb4-43bf-8eef-8e851b3ab65d] [T:2020-12-24 04:49:49.707192] [U:] [A:deploy]
[E:883a3556-7025-46d3-b723-875ce57029d0] [R:bb02fbb7-6efe-4801-8874-1b6b53fd22e3] [T:2020-12-24 04:49:51.827858] [U:email@hello.com] [A:start]
[E:2b58b105-e18d-4950-a88b-49d977b5af05] [T:2020-12-24 04:58:19.309533] [U:] [A:deploy]
[E:eeb3b05e-c5a7-4a9d-90c8-42fc19ab21a2] [R:0935b7a5-cae1-43a2-bf4d-cac6fb68e365] [T:2020-12-24 04:58:21.456974] [U:email@hello.com] [A:start]
[E:39ea9905-1a54-4d07-b63d-2025529575cf] [T:2020-12-24 05:28:18.322620] [U:] [A:deploy]
[E:757cb1c7-8f20-4d30-8d08-92b87c174a46] [R:c1c23d92-af82-4952-9e4e-fa1d9280e719] [T:2020-12-24 05:28:20.440608] [U:email@hello.com] [A:start]
[E:4b56522d-e780-4251-99e4-e7a2f9228053] [T:2020-12-24 05:29:40.672138] [U:] [A:deploy]
[E:fae0d42e-1d77-4217-bb76-3a6b1af476a2] [R:4476aa83-a52f-44e1-9b5e-27c3722a9626] [T:2020-12-24 05:29:42.754618] [U:email@hello.com] [A:start]
[E:0efca65e-8feb-407a-846d-e745b9920152] [T:2020-12-24 05:55:24.592165] [U:] [A:deploy]
[E:c07d6580-be04-4cb0-b9ed-e8c564bfcd51] [R:dfd51848-3383-4e45-9723-8db14ab68a7f] [T:2020-12-24 05:55:27.212268] [U:email@hello.com] [A:start]
[E:c358bbbf-9ff5-4c4b-a980-b27278d1f6bf] [T:2020-12-24 06:00:37.344647] [U:] [A:deploy]
[E:56dc9c46-e430-4b14-b633-d989b1159bb2] [R:6a9fbd0e-bd36-43cd-a8af-12868457bae2] [T:2020-12-24 06:00:39.461301] [U:email@hello.com] [A:start]
[E:0eba45d9-edb0-42b5-a010-08f1b69f81e9] [T:2020-12-24 06:10:29.333525] [U:] [A:deploy]
[E:5392fbdb-52fb-468c-8436-b716abf64dde] [R:741dcce7-7a34-4a5f-92e7-9ebdf8bfb81e] [T:2020-12-24 06:10:31.852946] [U:email@hello.com] [A:start]
