Performing C SOURCE FILE Test CMAKE_HAVE_LIBC_PTHREAD failed with the following output:
Change Dir: /home/mc2/code/encryption/server/CMakeFiles/CMakeTmp

Run Build Command(s):/usr/bin/make cmTC_1c4b6/fast && /usr/bin/make -f CMakeFiles/cmTC_1c4b6.dir/build.make CMakeFiles/cmTC_1c4b6.dir/build
make[1]: Entering directory '/home/mc2/code/encryption/server/CMakeFiles/CMakeTmp'
Building C object CMakeFiles/cmTC_1c4b6.dir/src.c.o
/usr/bin/cc   -DCMAKE_HAVE_LIBC_PTHREAD   -o CMakeFiles/cmTC_1c4b6.dir/src.c.o   -c /home/mc2/code/encryption/server/CMakeFiles/CMakeTmp/src.c
Linking C executable cmTC_1c4b6
/usr/local/bin/cmake -E cmake_link_script CMakeFiles/cmTC_1c4b6.dir/link.txt --verbose=1
/usr/bin/cc  -DCMAKE_HAVE_LIBC_PTHREAD    CMakeFiles/cmTC_1c4b6.dir/src.c.o  -o cmTC_1c4b6 
CMakeFiles/cmTC_1c4b6.dir/src.c.o: In function `main':
src.c:(.text+0x3e): undefined reference to `pthread_create'
src.c:(.text+0x4a): undefined reference to `pthread_detach'
src.c:(.text+0x5b): undefined reference to `pthread_join'
src.c:(.text+0x6f): undefined reference to `pthread_atfork'
collect2: error: ld returned 1 exit status
CMakeFiles/cmTC_1c4b6.dir/build.make:86: recipe for target 'cmTC_1c4b6' failed
make[1]: *** [cmTC_1c4b6] Error 1
make[1]: Leaving directory '/home/mc2/code/encryption/server/CMakeFiles/CMakeTmp'
Makefile:121: recipe for target 'cmTC_1c4b6/fast' failed
make: *** [cmTC_1c4b6/fast] Error 2


Source file was:
#include <pthread.h>

void* test_func(void* data)
{
  return data;
}

int main(void)
{
  pthread_t thread;
  pthread_create(&thread, NULL, test_func, NULL);
  pthread_detach(thread);
  pthread_join(thread, NULL);
  pthread_atfork(NULL, NULL, NULL);
  pthread_exit(NULL);

  return 0;
}

Determining if the function pthread_create exists in the pthreads failed with the following output:
Change Dir: /home/mc2/code/encryption/server/CMakeFiles/CMakeTmp

Run Build Command(s):/usr/bin/make cmTC_cfdc6/fast && /usr/bin/make -f CMakeFiles/cmTC_cfdc6.dir/build.make CMakeFiles/cmTC_cfdc6.dir/build
make[1]: Entering directory '/home/mc2/code/encryption/server/CMakeFiles/CMakeTmp'
Building C object CMakeFiles/cmTC_cfdc6.dir/CheckFunctionExists.c.o
/usr/bin/cc   -DCHECK_FUNCTION_EXISTS=pthread_create   -o CMakeFiles/cmTC_cfdc6.dir/CheckFunctionExists.c.o   -c /usr/local/share/cmake-3.15/Modules/CheckFunctionExists.c
Linking C executable cmTC_cfdc6
/usr/local/bin/cmake -E cmake_link_script CMakeFiles/cmTC_cfdc6.dir/link.txt --verbose=1
/usr/bin/cc  -DCHECK_FUNCTION_EXISTS=pthread_create    CMakeFiles/cmTC_cfdc6.dir/CheckFunctionExists.c.o  -o cmTC_cfdc6 -lpthreads 
/usr/bin/ld: cannot find -lpthreads
collect2: error: ld returned 1 exit status
CMakeFiles/cmTC_cfdc6.dir/build.make:86: recipe for target 'cmTC_cfdc6' failed
make[1]: *** [cmTC_cfdc6] Error 1
make[1]: Leaving directory '/home/mc2/code/encryption/server/CMakeFiles/CMakeTmp'
Makefile:121: recipe for target 'cmTC_cfdc6/fast' failed
make: *** [cmTC_cfdc6/fast] Error 2



Performing C SOURCE FILE Test OE_SPECTRE_MITIGATION_C_FLAGS_SUPPORTED failed with the following output:
Change Dir: /home/mc2/code/encryption/server/CMakeFiles/CMakeTmp

Run Build Command(s):/usr/bin/make cmTC_39d87/fast && /usr/bin/make -f CMakeFiles/cmTC_39d87.dir/build.make CMakeFiles/cmTC_39d87.dir/build
make[1]: Entering directory '/home/mc2/code/encryption/server/CMakeFiles/CMakeTmp'
Building C object CMakeFiles/cmTC_39d87.dir/src.c.o
/usr/bin/cc   -DOE_SPECTRE_MITIGATION_C_FLAGS_SUPPORTED   -mllvm -x86-speculative-load-hardening -o CMakeFiles/cmTC_39d87.dir/src.c.o   -c /home/mc2/code/encryption/server/CMakeFiles/CMakeTmp/src.c
cc: error: unrecognized command line option '-mllvm'
CMakeFiles/cmTC_39d87.dir/build.make:65: recipe for target 'CMakeFiles/cmTC_39d87.dir/src.c.o' failed
make[1]: *** [CMakeFiles/cmTC_39d87.dir/src.c.o] Error 1
make[1]: Leaving directory '/home/mc2/code/encryption/server/CMakeFiles/CMakeTmp'
Makefile:121: recipe for target 'cmTC_39d87/fast' failed
make: *** [cmTC_39d87/fast] Error 2


Source file was:
int main(void) { return 0; }
Performing C++ SOURCE FILE Test OE_SPECTRE_MITIGATION_CXX_FLAGS_SUPPORTED failed with the following output:
Change Dir: /home/mc2/code/encryption/server/CMakeFiles/CMakeTmp

Run Build Command(s):/usr/bin/make cmTC_e685d/fast && /usr/bin/make -f CMakeFiles/cmTC_e685d.dir/build.make CMakeFiles/cmTC_e685d.dir/build
make[1]: Entering directory '/home/mc2/code/encryption/server/CMakeFiles/CMakeTmp'
Building CXX object CMakeFiles/cmTC_e685d.dir/src.cxx.o
/usr/bin/c++    -DOE_SPECTRE_MITIGATION_CXX_FLAGS_SUPPORTED   -mllvm -x86-speculative-load-hardening -o CMakeFiles/cmTC_e685d.dir/src.cxx.o -c /home/mc2/code/encryption/server/CMakeFiles/CMakeTmp/src.cxx
c++: error: unrecognized command line option '-mllvm'
CMakeFiles/cmTC_e685d.dir/build.make:65: recipe for target 'CMakeFiles/cmTC_e685d.dir/src.cxx.o' failed
make[1]: *** [CMakeFiles/cmTC_e685d.dir/src.cxx.o] Error 1
make[1]: Leaving directory '/home/mc2/code/encryption/server/CMakeFiles/CMakeTmp'
Makefile:121: recipe for target 'cmTC_e685d/fast' failed
make: *** [cmTC_e685d/fast] Error 2


Source file was:
int main() { return 0; }
